#
# There is insufficient memory for the Java Runtime Environment to continue.
# Native memory allocation (mmap) failed to map 51380224 bytes for G1 virtual space
# Possible reasons:
#   The system is out of physical RAM or swap space
#   The process is running with CompressedOops enabled, and the Java Heap may be blocking the growth of the native heap
# Possible solutions:
#   Reduce memory load on the system
#   Increase physical memory or swap space
#   Check if swap backing store is full
#   Decrease Java heap size (-Xmx/-Xms)
#   Decrease number of Java threads
#   Decrease Java thread stack sizes (-Xss)
#   Set larger code cache with -XX:ReservedCodeCacheSize=
#   JVM is running with Unscaled Compressed Oops mode in which the Java heap is
#     placed in the first 4GB address space. The Java Heap base address is the
#     maximum limit for the native heap growth. Please use -XX:HeapBaseMinAddress
#     to set the Java Heap base and to place the Java Heap above 4GB virtual address.
# This output file may be truncated or incomplete.
#
#  Out of Memory Error (os_windows.cpp:3527), pid=13100, tid=10164
#
# JRE version: Java(TM) SE Runtime Environment (19.0.1+10) (build 19.0.1+10-21)
# Java VM: Java HotSpot(TM) 64-Bit Server VM (19.0.1+10-21, mixed mode, emulated-client, sharing, tiered, compressed oops, compressed class ptrs, g1 gc, windows-amd64)
# No core dump will be written. Minidumps are not enabled by default on client versions of Windows
#

---------------  S U M M A R Y ------------

Command Line: -XX:TieredStopAtLevel=1 -Dspring.output.ansi.enabled=always -Dcom.sun.management.jmxremote -Dspring.jmx.enabled=true -Dspring.liveBeansView.mbeanDomain -Dspring.application.admin.enabled=true -javaagent:C:\Program Files\JetBrains\IntelliJ IDEA 2022.2.3\lib\idea_rt.jar=60922:C:\Program Files\JetBrains\IntelliJ IDEA 2022.2.3\bin -Dfile.encoding=UTF-8 -Dsun.stdout.encoding=UTF-8 -Dsun.stderr.encoding=UTF-8 com.gpswoxapi.external.CallingGpswoxapiExternalApplication

Host: Intel(R) Core(TM) i5-3340M CPU @ 2.70GHz, 4 cores, 7G,  Windows 10 , 64 bit Build 19041 (10.0.19041.2251)
Time: Thu Nov 17 17:02:31 2022 Morocco Daylight Time elapsed time: 16.910146 seconds (0d 0h 0m 16s)

---------------  T H R E A D  ---------------

Current thread (0x0000021ae99bc9b0):  VMThread "VM Thread" [stack: 0x0000002824300000,0x0000002824400000] [id=10164]

Stack: [0x0000002824300000,0x0000002824400000]
Native frames: (J=compiled Java code, j=interpreted, Vv=VM code, C=native code)
V  [jvm.dll+0x6ee8fa]
V  [jvm.dll+0x857a1e]
V  [jvm.dll+0x85940e]
V  [jvm.dll+0x859ac3]
V  [jvm.dll+0x28291f]
V  [jvm.dll+0x6eb6e9]
V  [jvm.dll+0x6e028a]
V  [jvm.dll+0x357136]
V  [jvm.dll+0x35eb96]
V  [jvm.dll+0x3b555e]
V  [jvm.dll+0x3b578f]
V  [jvm.dll+0x32c6ea]
V  [jvm.dll+0x32c797]
V  [jvm.dll+0x374b52]
V  [jvm.dll+0x37328f]
V  [jvm.dll+0x32bf10]
V  [jvm.dll+0x37282b]
V  [jvm.dll+0x85ef83]
V  [jvm.dll+0x85fd49]
V  [jvm.dll+0x86027d]
V  [jvm.dll+0x86070b]
V  [jvm.dll+0x8607c7]
V  [jvm.dll+0x8015fa]
V  [jvm.dll+0x6ed5eb]
C  [ucrtbase.dll+0x21bb2]
C  [KERNEL32.DLL+0x174b4]
C  [ntdll.dll+0x526a1]

VM_Operation (0x00000028262fc510): G1CollectForAllocation, mode: safepoint, requested by thread 0x0000021aefc59d50


---------------  P R O C E S S  ---------------

Threads class SMR info:
_java_thread_list=0x0000021af020f430, length=34, elements={
0x0000021ae99d6f50, 0x0000021ae99d9d50, 0x0000021ae99dd210, 0x0000021ae99dde00,
0x0000021ae99dfc30, 0x0000021ae99e1570, 0x0000021ae99e83c0, 0x0000021ae99f0d40,
0x0000021ae99ab010, 0x0000021aee241e40, 0x0000021aee246c40, 0x0000021aee35a930,
0x0000021aee52ade0, 0x0000021aee556420, 0x0000021aefc572d0, 0x0000021aefc57d70,
0x0000021aefc582c0, 0x0000021aefc592b0, 0x0000021aefc58810, 0x0000021aefc56d80,
0x0000021aefc59d50, 0x0000021af041b070, 0x0000021af041c5b0, 0x0000021af041d050,
0x0000021af041b5c0, 0x0000021af041a080, 0x0000021af041d5a0, 0x0000021af041bb10,
0x0000021af041c060, 0x0000021af041a5d0, 0x0000021af041ab20, 0x0000021af041cb00,
0x0000021af043c640, 0x0000021af043d630
}

Java Threads: ( => current thread )
  0x0000021ae99d6f50 JavaThread "Reference Handler" daemon [_thread_blocked, id=12856, stack(0x0000002824400000,0x0000002824500000)]
  0x0000021ae99d9d50 JavaThread "Finalizer" daemon [_thread_blocked, id=1136, stack(0x0000002824500000,0x0000002824600000)]
  0x0000021ae99dd210 JavaThread "Signal Dispatcher" daemon [_thread_blocked, id=13172, stack(0x0000002824600000,0x0000002824700000)]
  0x0000021ae99dde00 JavaThread "Attach Listener" daemon [_thread_blocked, id=4684, stack(0x0000002824700000,0x0000002824800000)]
  0x0000021ae99dfc30 JavaThread "Service Thread" daemon [_thread_blocked, id=9040, stack(0x0000002824800000,0x0000002824900000)]
  0x0000021ae99e1570 JavaThread "Monitor Deflation Thread" daemon [_thread_blocked, id=2228, stack(0x0000002824900000,0x0000002824a00000)]
  0x0000021ae99e83c0 JavaThread "C1 CompilerThread0" daemon [_thread_blocked, id=5808, stack(0x0000002824a00000,0x0000002824b00000)]
  0x0000021ae99f0d40 JavaThread "Sweeper thread" daemon [_thread_blocked, id=6056, stack(0x0000002824b00000,0x0000002824c00000)]
  0x0000021ae99ab010 JavaThread "Common-Cleaner" daemon [_thread_blocked, id=7424, stack(0x0000002824c00000,0x0000002824d00000)]
  0x0000021aee241e40 JavaThread "Monitor Ctrl-Break" daemon [_thread_in_native, id=5320, stack(0x0000002824f00000,0x0000002825000000)]
  0x0000021aee246c40 JavaThread "Notification Thread" daemon [_thread_blocked, id=5628, stack(0x0000002825000000,0x0000002825100000)]
  0x0000021aee35a930 JavaThread "RMI TCP Accept-0" daemon [_thread_in_native, id=14276, stack(0x0000002825400000,0x0000002825500000)]
  0x0000021aee52ade0 JavaThread "RMI TCP Connection(idle)" daemon [_thread_blocked, id=2820, stack(0x0000002825600000,0x0000002825700000)]
  0x0000021aee556420 JavaThread "RMI Scheduler(0)" daemon [_thread_blocked, id=11744, stack(0x0000002825700000,0x0000002825800000)]
  0x0000021aefc572d0 JavaThread "HikariPool-1 housekeeper" daemon [_thread_blocked, id=9520, stack(0x0000002825b00000,0x0000002825c00000)]
  0x0000021aefc57d70 JavaThread "Catalina-utility-1" [_thread_blocked, id=5160, stack(0x0000002825d00000,0x0000002825e00000)]
  0x0000021aefc582c0 JavaThread "Catalina-utility-2" [_thread_blocked, id=13780, stack(0x0000002825e00000,0x0000002825f00000)]
  0x0000021aefc592b0 JavaThread "container-0" [_thread_blocked, id=13948, stack(0x0000002825f00000,0x0000002826000000)]
  0x0000021aefc58810 JavaThread "File Watcher" daemon [_thread_blocked, id=10700, stack(0x0000002826100000,0x0000002826200000)]
  0x0000021aefc56d80 JavaThread "Live Reload Server" daemon [_thread_in_native, id=4060, stack(0x0000002826300000,0x0000002826400000)]
  0x0000021aefc59d50 JavaThread "http-nio-8080-exec-1" daemon [_thread_blocked, id=14112, stack(0x0000002826200000,0x0000002826300000)]
  0x0000021af041b070 JavaThread "http-nio-8080-exec-2" daemon [_thread_blocked, id=2472, stack(0x0000002826400000,0x0000002826500000)]
  0x0000021af041c5b0 JavaThread "http-nio-8080-exec-3" daemon [_thread_blocked, id=12552, stack(0x0000002826500000,0x0000002826600000)]
  0x0000021af041d050 JavaThread "http-nio-8080-exec-4" daemon [_thread_blocked, id=1412, stack(0x0000002826600000,0x0000002826700000)]
  0x0000021af041b5c0 JavaThread "http-nio-8080-exec-5" daemon [_thread_blocked, id=9716, stack(0x0000002826700000,0x0000002826800000)]
  0x0000021af041a080 JavaThread "http-nio-8080-exec-6" daemon [_thread_blocked, id=13516, stack(0x0000002826800000,0x0000002826900000)]
  0x0000021af041d5a0 JavaThread "http-nio-8080-exec-7" daemon [_thread_blocked, id=828, stack(0x0000002826900000,0x0000002826a00000)]
  0x0000021af041bb10 JavaThread "http-nio-8080-exec-8" daemon [_thread_blocked, id=13028, stack(0x0000002826a00000,0x0000002826b00000)]
  0x0000021af041c060 JavaThread "http-nio-8080-exec-9" daemon [_thread_blocked, id=13424, stack(0x0000002826b00000,0x0000002826c00000)]
  0x0000021af041a5d0 JavaThread "http-nio-8080-exec-10" daemon [_thread_blocked, id=5744, stack(0x0000002826c00000,0x0000002826d00000)]
  0x0000021af041ab20 JavaThread "http-nio-8080-Poller" daemon [_thread_in_native, id=6452, stack(0x0000002826d00000,0x0000002826e00000)]
  0x0000021af041cb00 JavaThread "http-nio-8080-Acceptor" daemon [_thread_in_native, id=12740, stack(0x0000002826e00000,0x0000002826f00000)]
  0x0000021af043c640 JavaThread "DestroyJavaVM" [_thread_blocked, id=9704, stack(0x0000002823d00000,0x0000002823e00000)]
  0x0000021af043d630 JavaThread "RMI TCP Connection(3)-10.33.33.74" daemon [_thread_in_native, id=12116, stack(0x0000002825800000,0x0000002825900000)]

Other Threads:
=>0x0000021ae99bc9b0 VMThread "VM Thread" [stack: 0x0000002824300000,0x0000002824400000] [id=10164]
  0x0000021ad7b896d0 WatcherThread "VM Periodic Task Thread" [stack: 0x0000002825500000,0x0000002825600000] [id=14204]
  0x0000021ad7be2c70 WorkerThread "GC Thread#0" [stack: 0x0000002823e00000,0x0000002823f00000] [id=13068]
  0x0000021aee351910 WorkerThread "GC Thread#1" [stack: 0x0000002825100000,0x0000002825200000] [id=13204]
  0x0000021aee351be0 WorkerThread "GC Thread#2" [stack: 0x0000002825200000,0x0000002825300000] [id=13716]
  0x0000021aee36dbe0 WorkerThread "GC Thread#3" [stack: 0x0000002825300000,0x0000002825400000] [id=12600]
  0x0000021ad5a3db50 ConcurrentGCThread "G1 Main Marker" [stack: 0x0000002823f00000,0x0000002824000000] [id=3104]
  0x0000021ad5a3eb30 WorkerThread "G1 Conc#0" [stack: 0x0000002824000000,0x0000002824100000] [id=13084]
  0x0000021ae98760e0 ConcurrentGCThread "G1 Refine#0" [stack: 0x0000002824100000,0x0000002824200000] [id=948]
  0x0000021ad7c3e060 ConcurrentGCThread "G1 Service" [stack: 0x0000002824200000,0x0000002824300000] [id=4080]

Threads with active compile tasks:

VM state: at safepoint (normal execution)

VM Mutex/Monitor currently owned by a thread:  ([mutex/lock_event])
[0x0000021ad7b815c0] Threads_lock - owner thread: 0x0000021ae99bc9b0
[0x0000021ad7b80960] Heap_lock - owner thread: 0x0000021aefc59d50

Heap address: 0x0000000081800000, size: 2024 MB, Compressed Oops mode: 32-bit

CDS archive(s) mapped at: [0x0000000800000000-0x0000000800c40000-0x0000000800c40000), size 12845056, SharedBaseAddress: 0x0000000800000000, ArchiveRelocationMode: 0.
Compressed class space mapped at: 0x0000000801000000-0x0000000841000000, reserved size: 1073741824
Narrow klass base: 0x0000000800000000, Narrow klass shift: 0, Narrow klass range: 0x100000000

GC Precious Log:
 CardTable entry size: 512
 Card Set container configuration: InlinePtr #cards 5 size 8 Array Of Cards #cards 12 size 40 Howl #buckets 4 coarsen threshold 1843 Howl Bitmap #cards 512 size 80 coarsen threshold 460 Card regions per heap region 1 cards per card region 2048
 CPUs: 4 total, 4 available
 Memory: 8095M
 Large Page Support: Disabled
 NUMA Support: Disabled
 Compressed Oops: Enabled (32-bit)
 Heap Region Size: 1M
 Heap Min Capacity: 8M
 Heap Initial Capacity: 128M
 Heap Max Capacity: 2024M
 Pre-touch: Disabled
 Parallel Workers: 4
 Concurrent Workers: 1
 Concurrent Refinement Workers: 4
 Periodic GC: Disabled

Heap:
 garbage-first heap   total 80896K, used 38911K [0x0000000081800000, 0x0000000100000000)
  region size 1024K, 3 young (3072K), 3 survivors (3072K)
 Metaspace       used 54488K, committed 55168K, reserved 1114112K
  class space    used 7393K, committed 7744K, reserved 1048576K

Heap Regions: E=young(eden), S=young(survivor), O=old, HS=humongous(starts), HC=humongous(continues), CS=collection set, F=free, OA=open archive, CA=closed archive, TAMS=top-at-mark-start (previous, next)
|   0|0x0000000081800000, 0x0000000081900000, 0x0000000081900000|100%|HS|  |TAMS 0x0000000081900000, 0x0000000081800000| Complete 
|   1|0x0000000081900000, 0x0000000081a00000, 0x0000000081a00000|100%| O|  |TAMS 0x0000000081a00000, 0x0000000081900000| Untracked 
|   2|0x0000000081a00000, 0x0000000081b00000, 0x0000000081b00000|100%| O|  |TAMS 0x0000000081b00000, 0x0000000081a00000| Untracked 
|   3|0x0000000081b00000, 0x0000000081c00000, 0x0000000081c00000|100%| O|  |TAMS 0x0000000081c00000, 0x0000000081b00000| Untracked 
|   4|0x0000000081c00000, 0x0000000081d00000, 0x0000000081d00000|100%| O|  |TAMS 0x0000000081d00000, 0x0000000081c00000| Untracked 
|   5|0x0000000081d00000, 0x0000000081e00000, 0x0000000081e00000|100%| O|  |TAMS 0x0000000081e00000, 0x0000000081d00000| Untracked 
|   6|0x0000000081e00000, 0x0000000081f00000, 0x0000000081f00000|100%| O|  |TAMS 0x0000000081f00000, 0x0000000081e00000| Untracked 
|   7|0x0000000081f00000, 0x0000000082000000, 0x0000000082000000|100%| O|  |TAMS 0x0000000082000000, 0x0000000081f00000| Untracked 
|   8|0x0000000082000000, 0x0000000082100000, 0x0000000082100000|100%| O|  |TAMS 0x0000000082100000, 0x0000000082000000| Untracked 
|   9|0x0000000082100000, 0x0000000082200000, 0x0000000082200000|100%| O|  |TAMS 0x0000000082200000, 0x0000000082100000| Untracked 
|  10|0x0000000082200000, 0x0000000082300000, 0x0000000082300000|100%| O|  |TAMS 0x0000000082300000, 0x0000000082200000| Untracked 
|  11|0x0000000082300000, 0x0000000082400000, 0x0000000082400000|100%| O|  |TAMS 0x0000000082400000, 0x0000000082300000| Untracked 
|  12|0x0000000082400000, 0x0000000082500000, 0x0000000082500000|100%| O|  |TAMS 0x0000000082500000, 0x0000000082400000| Untracked 
|  13|0x0000000082500000, 0x0000000082600000, 0x0000000082600000|100%| O|  |TAMS 0x0000000082600000, 0x0000000082500000| Untracked 
|  14|0x0000000082600000, 0x0000000082700000, 0x0000000082700000|100%| O|  |TAMS 0x0000000082700000, 0x0000000082600000| Untracked 
|  15|0x0000000082700000, 0x0000000082800000, 0x0000000082800000|100%| O|  |TAMS 0x0000000082800000, 0x0000000082700000| Untracked 
|  16|0x0000000082800000, 0x0000000082900000, 0x0000000082900000|100%| O|  |TAMS 0x0000000082800000, 0x0000000082800000| Untracked 
|  17|0x0000000082900000, 0x0000000082a00000, 0x0000000082a00000|100%| O|  |TAMS 0x0000000082a00000, 0x0000000082900000| Untracked 
|  18|0x0000000082a00000, 0x0000000082b00000, 0x0000000082b00000|100%| O|  |TAMS 0x0000000082b00000, 0x0000000082a00000| Untracked 
|  19|0x0000000082b00000, 0x0000000082c00000, 0x0000000082c00000|100%| O|  |TAMS 0x0000000082b42000, 0x0000000082b00000| Untracked 
|  20|0x0000000082c00000, 0x0000000082d00000, 0x0000000082d00000|100%| O|  |TAMS 0x0000000082c00000, 0x0000000082c00000| Untracked 
|  21|0x0000000082d00000, 0x0000000082e00000, 0x0000000082e00000|100%| O|  |TAMS 0x0000000082d00000, 0x0000000082d00000| Untracked 
|  22|0x0000000082e00000, 0x0000000082f00000, 0x0000000082f00000|100%| O|  |TAMS 0x0000000082e00000, 0x0000000082e00000| Untracked 
|  23|0x0000000082f00000, 0x0000000083000000, 0x0000000083000000|100%| O|  |TAMS 0x0000000082f00000, 0x0000000082f00000| Untracked 
|  24|0x0000000083000000, 0x0000000083100000, 0x0000000083100000|100%| O|  |TAMS 0x0000000083000000, 0x0000000083000000| Untracked 
|  25|0x0000000083100000, 0x0000000083200000, 0x0000000083200000|100%| O|  |TAMS 0x0000000083100000, 0x0000000083100000| Untracked 
|  26|0x0000000083200000, 0x0000000083300000, 0x0000000083300000|100%| O|  |TAMS 0x0000000083200000, 0x0000000083200000| Untracked 
|  27|0x0000000083300000, 0x00000000833ffff8, 0x0000000083400000| 99%| O|  |TAMS 0x0000000083300000, 0x0000000083300000| Untracked 
|  28|0x0000000083400000, 0x0000000083500000, 0x0000000083500000|100%| O|  |TAMS 0x0000000083400000, 0x0000000083400000| Untracked 
|  29|0x0000000083500000, 0x0000000083600000, 0x0000000083600000|100%| O|  |TAMS 0x0000000083500000, 0x0000000083500000| Untracked 
|  30|0x0000000083600000, 0x0000000083700000, 0x0000000083700000|100%| O|  |TAMS 0x0000000083600000, 0x0000000083600000| Untracked 
|  31|0x0000000083700000, 0x0000000083800000, 0x0000000083800000|100%| O|  |TAMS 0x0000000083700000, 0x0000000083700000| Untracked 
|  32|0x0000000083800000, 0x0000000083900000, 0x0000000083900000|100%| O|  |TAMS 0x0000000083800000, 0x0000000083800000| Untracked 
|  33|0x0000000083900000, 0x0000000083a00000, 0x0000000083a00000|100%| O|  |TAMS 0x0000000083900000, 0x0000000083900000| Untracked 
|  34|0x0000000083a00000, 0x0000000083b00000, 0x0000000083b00000|100%| O|  |TAMS 0x0000000083a00000, 0x0000000083a00000| Untracked 
|  35|0x0000000083b00000, 0x0000000083b00000, 0x0000000083c00000|  0%| F|  |TAMS 0x0000000083b00000, 0x0000000083b00000| Untracked 
|  36|0x0000000083c00000, 0x0000000083c00000, 0x0000000083d00000|  0%| F|  |TAMS 0x0000000083c00000, 0x0000000083c00000| Untracked 
|  37|0x0000000083d00000, 0x0000000083d00000, 0x0000000083e00000|  0%| F|  |TAMS 0x0000000083d00000, 0x0000000083d00000| Untracked 
|  38|0x0000000083e00000, 0x0000000083e00000, 0x0000000083f00000|  0%| F|  |TAMS 0x0000000083e00000, 0x0000000083e00000| Untracked 
|  39|0x0000000083f00000, 0x0000000083f00000, 0x0000000084000000|  0%| F|  |TAMS 0x0000000083f00000, 0x0000000083f00000| Untracked 
|  40|0x0000000084000000, 0x0000000084000000, 0x0000000084100000|  0%| F|  |TAMS 0x0000000084000000, 0x0000000084000000| Untracked 
|  41|0x0000000084100000, 0x0000000084100000, 0x0000000084200000|  0%| F|  |TAMS 0x0000000084100000, 0x0000000084100000| Untracked 
|  42|0x0000000084200000, 0x0000000084200000, 0x0000000084300000|  0%| F|  |TAMS 0x0000000084200000, 0x0000000084200000| Untracked 
|  43|0x0000000084300000, 0x0000000084300000, 0x0000000084400000|  0%| F|  |TAMS 0x0000000084300000, 0x0000000084300000| Untracked 
|  44|0x0000000084400000, 0x0000000084400000, 0x0000000084500000|  0%| F|  |TAMS 0x0000000084400000, 0x0000000084400000| Untracked 
|  45|0x0000000084500000, 0x0000000084500000, 0x0000000084600000|  0%| F|  |TAMS 0x0000000084500000, 0x0000000084500000| Untracked 
|  46|0x0000000084600000, 0x0000000084600000, 0x0000000084700000|  0%| F|  |TAMS 0x0000000084600000, 0x0000000084600000| Untracked 
|  47|0x0000000084700000, 0x0000000084800000, 0x0000000084800000|100%| S|CS|TAMS 0x0000000084700000, 0x0000000084700000| Complete 
|  48|0x0000000084800000, 0x0000000084800000, 0x0000000084900000|  0%| F|  |TAMS 0x0000000084800000, 0x0000000084800000| Untracked 
|  49|0x0000000084900000, 0x0000000084900000, 0x0000000084a00000|  0%| F|  |TAMS 0x0000000084900000, 0x0000000084900000| Untracked 
|  50|0x0000000084a00000, 0x0000000084a00000, 0x0000000084b00000|  0%| F|  |TAMS 0x0000000084a00000, 0x0000000084a00000| Untracked 
|  51|0x0000000084b00000, 0x0000000084c00000, 0x0000000084c00000|100%| S|CS|TAMS 0x0000000084b00000, 0x0000000084b00000| Complete 
|  52|0x0000000084c00000, 0x0000000084d00000, 0x0000000084d00000|100%| S|CS|TAMS 0x0000000084c00000, 0x0000000084c00000| Complete 
|  53|0x0000000084d00000, 0x0000000084d00000, 0x0000000084e00000|  0%| F|  |TAMS 0x0000000084d00000, 0x0000000084d00000| Untracked 
|  54|0x0000000084e00000, 0x0000000084e00000, 0x0000000084f00000|  0%| F|  |TAMS 0x0000000084e00000, 0x0000000084e00000| Untracked 
|  55|0x0000000084f00000, 0x0000000084f00000, 0x0000000085000000|  0%| F|  |TAMS 0x0000000084f00000, 0x0000000084f00000| Untracked 
|  56|0x0000000085000000, 0x0000000085000000, 0x0000000085100000|  0%| F|  |TAMS 0x0000000085000000, 0x0000000085000000| Untracked 
|  57|0x0000000085100000, 0x0000000085100000, 0x0000000085200000|  0%| F|  |TAMS 0x0000000085100000, 0x0000000085100000| Untracked 
|  58|0x0000000085200000, 0x0000000085200000, 0x0000000085300000|  0%| F|  |TAMS 0x0000000085200000, 0x0000000085200000| Untracked 
|  59|0x0000000085300000, 0x0000000085300000, 0x0000000085400000|  0%| F|  |TAMS 0x0000000085300000, 0x0000000085300000| Untracked 
|  60|0x0000000085400000, 0x0000000085400000, 0x0000000085500000|  0%| F|  |TAMS 0x0000000085400000, 0x0000000085400000| Untracked 
|  61|0x0000000085500000, 0x0000000085500000, 0x0000000085600000|  0%| F|  |TAMS 0x0000000085500000, 0x0000000085500000| Untracked 
|  62|0x0000000085600000, 0x0000000085600000, 0x0000000085700000|  0%| F|  |TAMS 0x0000000085600000, 0x0000000085600000| Untracked 
|  63|0x0000000085700000, 0x0000000085700000, 0x0000000085800000|  0%| F|  |TAMS 0x0000000085700000, 0x0000000085700000| Untracked 
|  64|0x0000000085800000, 0x0000000085800000, 0x0000000085900000|  0%| F|  |TAMS 0x0000000085800000, 0x0000000085800000| Untracked 
|  65|0x0000000085900000, 0x0000000085900000, 0x0000000085a00000|  0%| F|  |TAMS 0x0000000085900000, 0x0000000085900000| Untracked 
|  66|0x0000000085a00000, 0x0000000085a00000, 0x0000000085b00000|  0%| F|  |TAMS 0x0000000085a00000, 0x0000000085a00000| Untracked 
|  67|0x0000000085b00000, 0x0000000085b00000, 0x0000000085c00000|  0%| F|  |TAMS 0x0000000085b00000, 0x0000000085b00000| Untracked 
|  68|0x0000000085c00000, 0x0000000085c00000, 0x0000000085d00000|  0%| F|  |TAMS 0x0000000085c00000, 0x0000000085c00000| Untracked 
|  69|0x0000000085d00000, 0x0000000085d00000, 0x0000000085e00000|  0%| F|  |TAMS 0x0000000085d00000, 0x0000000085d00000| Untracked 
|  70|0x0000000085e00000, 0x0000000085e00000, 0x0000000085f00000|  0%| F|  |TAMS 0x0000000085e00000, 0x0000000085e00000| Untracked 
|  71|0x0000000085f00000, 0x0000000085f00000, 0x0000000086000000|  0%| F|  |TAMS 0x0000000085f00000, 0x0000000085f00000| Untracked 
|  72|0x0000000086000000, 0x0000000086000000, 0x0000000086100000|  0%| F|  |TAMS 0x0000000086000000, 0x0000000086000000| Untracked 
|  73|0x0000000086100000, 0x0000000086100000, 0x0000000086200000|  0%| F|  |TAMS 0x0000000086100000, 0x0000000086100000| Untracked 
|  74|0x0000000086200000, 0x0000000086200000, 0x0000000086300000|  0%| F|  |TAMS 0x0000000086200000, 0x0000000086200000| Untracked 
|  75|0x0000000086300000, 0x0000000086300000, 0x0000000086400000|  0%| F|  |TAMS 0x0000000086300000, 0x0000000086300000| Untracked 
|  76|0x0000000086400000, 0x0000000086400000, 0x0000000086500000|  0%| F|  |TAMS 0x0000000086400000, 0x0000000086400000| Untracked 
|  77|0x0000000086500000, 0x0000000086500000, 0x0000000086600000|  0%| F|  |TAMS 0x0000000086500000, 0x0000000086500000| Untracked 
| 127|0x0000000089700000, 0x0000000089700000, 0x0000000089800000|  0%| F|  |TAMS 0x0000000089700000, 0x0000000089700000| Untracked 

Card table byte_map: [0x0000021ae2ee0000,0x0000021ae32e0000] _byte_map_base: 0x0000021ae2ad4000

Marking Bits (Prev, Next): (CMBitMap*) 0x0000021ad5a3d250, (CMBitMap*) 0x0000021ad5a3d290
 Prev Bits: [0x0000021ae36e0000, 0x0000021ae5680000)
 Next Bits: [0x0000021ae5680000, 0x0000021ae7620000)

Polling page: 0x0000021ad5b60000

Metaspace:

Usage:
  Non-class:     45.99 MB used.
      Class:      7.22 MB used.
       Both:     53.21 MB used.

Virtual space:
  Non-class space:       64.00 MB reserved,      46.31 MB ( 72%) committed,  1 nodes.
      Class space:        1.00 GB reserved,       7.56 MB ( <1%) committed,  1 nodes.
             Both:        1.06 GB reserved,      53.88 MB (  5%) committed. 

Chunk freelists:
   Non-Class:  1.25 MB
       Class:  416.00 KB
        Both:  1.66 MB

MaxMetaspaceSize: unlimited
CompressedClassSpaceSize: 1.00 GB
Initial GC threshold: 21.00 MB
Current GC threshold: 59.38 MB
CDS: on
MetaspaceReclaimPolicy: balanced
 - commit_granule_bytes: 65536.
 - commit_granule_words: 8192.
 - virtual_space_node_default_size: 8388608.
 - enlarge_chunks_in_place: 1.
 - new_chunks_are_fully_committed: 0.
 - uncommit_free_chunks: 1.
 - use_allocation_guard: 0.


Internal statistics:

num_allocs_failed_limit: 9.
num_arena_births: 860.
num_arena_deaths: 0.
num_vsnodes_births: 2.
num_vsnodes_deaths: 0.
num_space_committed: 862.
num_space_uncommitted: 0.
num_chunks_returned_to_freelist: 9.
num_chunks_taken_from_freelist: 2697.
num_chunk_merges: 9.
num_chunk_splits: 1926.
num_chunks_enlarged: 1494.
num_inconsistent_stats: 0.

CodeCache: size=49152Kb used=10676Kb max_used=11781Kb free=38475Kb
 bounds [0x0000021adfae0000, 0x0000021ae0670000, 0x0000021ae2ae0000]
 total_blobs=6302 nmethods=5709 adapters=517
 compilation: enabled
              stopped_count=0, restarted_count=0
 full_count=0

Compilation events (20 events):
Event: 11.194 Thread 0x0000021aedc95800 5700       1       java.io.ObjectInputStream::checkResolve (86 bytes)
Event: 11.194 Thread 0x0000021ae99e83c0 5701       1       java.io.ObjectInputStream$BlockDataInputStream::read (138 bytes)
Event: 11.194 Thread 0x0000021aedc95800 nmethod 5700 0x0000021adfd3b210 code [0x0000021adfd3b3c0, 0x0000021adfd3b598]
Event: 11.194 Thread 0x0000021ae99e83c0 nmethod 5701 0x0000021adfd3aa90 code [0x0000021adfd3ac80, 0x0000021adfd3b088]
Event: 15.823 Thread 0x0000021ae99e83c0 5702       1       org.springframework.boot.devtools.filewatch.FileSnapshot::hashCode (49 bytes)
Event: 15.824 Thread 0x0000021ae99e83c0 nmethod 5702 0x0000021adfd3a610 code [0x0000021adfd3a7c0, 0x0000021adfd3a958]
Event: 16.444 Thread 0x0000021ae99e83c0 5703       1       java.io.File::<init> (78 bytes)
Event: 16.444 Thread 0x0000021ae99e83c0 nmethod 5703 0x0000021adfd3a210 code [0x0000021adfd3a3c0, 0x0000021adfd3a548]
Event: 16.846 Thread 0x0000021ae99e83c0 5704       1       java.util.logging.LogManager$LoggerContext::ensureDefaultLogger (71 bytes)
Event: 16.846 Thread 0x0000021ae99e83c0 nmethod 5704 0x0000021adfd39390 code [0x0000021adfd39560, 0x0000021adfd39788]
Event: 16.849 Thread 0x0000021ae99e83c0 5705       1       java.io.StringReader::ensureOpen (18 bytes)
Event: 16.849 Thread 0x0000021ae99e83c0 nmethod 5705 0x0000021adfd38f90 code [0x0000021adfd39140, 0x0000021adfd392a8]
Event: 16.856 Thread 0x0000021ae99e83c0 5706       1       java.util.Calendar::complete (40 bytes)
Event: 16.856 Thread 0x0000021ae99e83c0 nmethod 5706 0x0000021adfd38b90 code [0x0000021adfd38d40, 0x0000021adfd38e78]
Event: 16.872 Thread 0x0000021ae99e83c0 5707 %     1       java.util.Properties$LineReader::readLine @ 293 (584 bytes)
Event: 16.873 Thread 0x0000021ae99e83c0 nmethod 5707% 0x0000021adfd36b90 code [0x0000021adfd36e20, 0x0000021adfd381b8]
Event: 16.874 Thread 0x0000021ae99e83c0 5708       1       java.util.concurrent.locks.ReentrantReadWriteLock::readLock (5 bytes)
Event: 16.874 Thread 0x0000021ae99e83c0 nmethod 5708 0x0000021adfd36890 code [0x0000021adfd36a20, 0x0000021adfd36ad8]
Event: 16.875 Thread 0x0000021ae99e83c0 5709       1       java.text.DontCareFieldPosition$1::formatted (1 bytes)
Event: 16.875 Thread 0x0000021ae99e83c0 nmethod 5709 0x0000021adfd36590 code [0x0000021adfd36720, 0x0000021adfd367d8]

GC Heap History (20 events):
Event: 3.826 GC heap after
{Heap after GC invocations=7 (full 0):
 garbage-first heap   total 55296K, used 16393K [0x0000000081800000, 0x0000000100000000)
  region size 1024K, 1 young (1024K), 1 survivors (1024K)
 Metaspace       used 24623K, committed 25024K, reserved 1114112K
  class space    used 3223K, committed 3392K, reserved 1048576K
}
Event: 4.339 GC heap before
{Heap before GC invocations=7 (full 0):
 garbage-first heap   total 55296K, used 36873K [0x0000000081800000, 0x0000000100000000)
  region size 1024K, 22 young (22528K), 1 survivors (1024K)
 Metaspace       used 28746K, committed 29184K, reserved 1114112K
  class space    used 3887K, committed 4096K, reserved 1048576K
}
Event: 4.343 GC heap after
{Heap after GC invocations=8 (full 0):
 garbage-first heap   total 55296K, used 18086K [0x0000000081800000, 0x0000000100000000)
  region size 1024K, 3 young (3072K), 3 survivors (3072K)
 Metaspace       used 28746K, committed 29184K, reserved 1114112K
  class space    used 3887K, committed 4096K, reserved 1048576K
}
Event: 4.716 GC heap before
{Heap before GC invocations=8 (full 0):
 garbage-first heap   total 55296K, used 37542K [0x0000000081800000, 0x0000000100000000)
  region size 1024K, 23 young (23552K), 3 survivors (3072K)
 Metaspace       used 31213K, committed 31744K, reserved 1114112K
  class space    used 4160K, committed 4416K, reserved 1048576K
}
Event: 4.722 GC heap after
{Heap after GC invocations=9 (full 0):
 garbage-first heap   total 55296K, used 19862K [0x0000000081800000, 0x0000000100000000)
  region size 1024K, 2 young (2048K), 2 survivors (2048K)
 Metaspace       used 31213K, committed 31744K, reserved 1114112K
  class space    used 4160K, committed 4416K, reserved 1048576K
}
Event: 5.336 GC heap before
{Heap before GC invocations=9 (full 0):
 garbage-first heap   total 55296K, used 40342K [0x0000000081800000, 0x0000000100000000)
  region size 1024K, 22 young (22528K), 2 survivors (2048K)
 Metaspace       used 34786K, committed 35264K, reserved 1114112K
  class space    used 4569K, committed 4800K, reserved 1048576K
}
Event: 5.342 GC heap after
{Heap after GC invocations=10 (full 0):
 garbage-first heap   total 80896K, used 21553K [0x0000000081800000, 0x0000000100000000)
  region size 1024K, 2 young (2048K), 2 survivors (2048K)
 Metaspace       used 34786K, committed 35264K, reserved 1114112K
  class space    used 4569K, committed 4800K, reserved 1048576K
}
Event: 5.481 GC heap before
{Heap before GC invocations=10 (full 0):
 garbage-first heap   total 80896K, used 26673K [0x0000000081800000, 0x0000000100000000)
  region size 1024K, 8 young (8192K), 2 survivors (2048K)
 Metaspace       used 35612K, committed 36096K, reserved 1114112K
  class space    used 4678K, committed 4928K, reserved 1048576K
}
Event: 5.486 GC heap after
{Heap after GC invocations=11 (full 0):
 garbage-first heap   total 80896K, used 21848K [0x0000000081800000, 0x0000000100000000)
  region size 1024K, 3 young (3072K), 3 survivors (3072K)
 Metaspace       used 35612K, committed 36096K, reserved 1114112K
  class space    used 4678K, committed 4928K, reserved 1048576K
}
Event: 6.638 GC heap before
{Heap before GC invocations=12 (full 0):
 garbage-first heap   total 80896K, used 58712K [0x0000000081800000, 0x0000000100000000)
  region size 1024K, 39 young (39936K), 3 survivors (3072K)
 Metaspace       used 43629K, committed 44096K, reserved 1114112K
  class space    used 5891K, committed 6080K, reserved 1048576K
}
Event: 6.645 GC heap after
{Heap after GC invocations=13 (full 0):
 garbage-first heap   total 80896K, used 24986K [0x0000000081800000, 0x0000000100000000)
  region size 1024K, 5 young (5120K), 5 survivors (5120K)
 Metaspace       used 43629K, committed 44096K, reserved 1114112K
  class space    used 5891K, committed 6080K, reserved 1048576K
}
Event: 6.664 GC heap before
{Heap before GC invocations=13 (full 0):
 garbage-first heap   total 80896K, used 26010K [0x0000000081800000, 0x0000000100000000)
  region size 1024K, 6 young (6144K), 5 survivors (5120K)
 Metaspace       used 43760K, committed 44224K, reserved 1114112K
  class space    used 5912K, committed 6144K, reserved 1048576K
}
Event: 6.671 GC heap after
{Heap after GC invocations=14 (full 0):
 garbage-first heap   total 80896K, used 24254K [0x0000000081800000, 0x0000000100000000)
  region size 1024K, 1 young (1024K), 1 survivors (1024K)
 Metaspace       used 43760K, committed 44224K, reserved 1114112K
  class space    used 5912K, committed 6144K, reserved 1048576K
}
Event: 7.311 GC heap before
{Heap before GC invocations=14 (full 0):
 garbage-first heap   total 80896K, used 60094K [0x0000000081800000, 0x0000000100000000)
  region size 1024K, 37 young (37888K), 1 survivors (1024K)
 Metaspace       used 47562K, committed 48064K, reserved 1114112K
  class space    used 6413K, committed 6656K, reserved 1048576K
}
Event: 7.319 GC heap after
{Heap after GC invocations=15 (full 0):
 garbage-first heap   total 80896K, used 28986K [0x0000000081800000, 0x0000000100000000)
  region size 1024K, 5 young (5120K), 5 survivors (5120K)
 Metaspace       used 47562K, committed 48064K, reserved 1114112K
  class space    used 6413K, committed 6656K, reserved 1048576K
}
Event: 7.856 GC heap before
{Heap before GC invocations=15 (full 0):
 garbage-first heap   total 80896K, used 60730K [0x0000000081800000, 0x0000000100000000)
  region size 1024K, 36 young (36864K), 5 survivors (5120K)
 Metaspace       used 50127K, committed 50688K, reserved 1114112K
  class space    used 6821K, committed 7104K, reserved 1048576K
}
Event: 7.867 GC heap after
{Heap after GC invocations=16 (full 0):
 garbage-first heap   total 80896K, used 32874K [0x0000000081800000, 0x0000000100000000)
  region size 1024K, 4 young (4096K), 4 survivors (4096K)
 Metaspace       used 50127K, committed 50688K, reserved 1114112K
  class space    used 6821K, committed 7104K, reserved 1048576K
}
Event: 8.351 GC heap before
{Heap before GC invocations=16 (full 0):
 garbage-first heap   total 80896K, used 61546K [0x0000000081800000, 0x0000000100000000)
  region size 1024K, 32 young (32768K), 4 survivors (4096K)
 Metaspace       used 51571K, committed 52160K, reserved 1114112K
  class space    used 7024K, committed 7296K, reserved 1048576K
}
Event: 8.362 GC heap after
{Heap after GC invocations=17 (full 0):
 garbage-first heap   total 80896K, used 36290K [0x0000000081800000, 0x0000000100000000)
  region size 1024K, 4 young (4096K), 4 survivors (4096K)
 Metaspace       used 51571K, committed 52160K, reserved 1114112K
  class space    used 7024K, committed 7296K, reserved 1048576K
}
Event: 16.895 GC heap before
{Heap before GC invocations=17 (full 0):
 garbage-first heap   total 80896K, used 62914K [0x0000000081800000, 0x0000000100000000)
  region size 1024K, 30 young (30720K), 4 survivors (4096K)
 Metaspace       used 54488K, committed 55168K, reserved 1114112K
  class space    used 7393K, committed 7744K, reserved 1048576K
}

Dll operation events (14 events):
Event: 0.013 Loaded shared library C:\Program Files\Java\jdk-19\bin\java.dll
Event: 0.028 Loaded shared library C:\Program Files\Java\jdk-19\bin\jsvml.dll
Event: 0.237 Loaded shared library C:\Program Files\Java\jdk-19\bin\zip.dll
Event: 0.241 Loaded shared library C:\Program Files\Java\jdk-19\bin\instrument.dll
Event: 0.251 Loaded shared library C:\Program Files\Java\jdk-19\bin\net.dll
Event: 0.254 Loaded shared library C:\Program Files\Java\jdk-19\bin\nio.dll
Event: 0.260 Loaded shared library C:\Program Files\Java\jdk-19\bin\zip.dll
Event: 0.462 Loaded shared library C:\Program Files\JetBrains\IntelliJ IDEA 2022.2.3\bin\breakgen64.dll
Event: 0.471 Loaded shared library C:\Program Files\Java\jdk-19\bin\jimage.dll
Event: 0.478 Loaded shared library C:\Program Files\Java\jdk-19\bin\extnet.dll
Event: 0.501 Loaded shared library C:\Program Files\Java\jdk-19\bin\management.dll
Event: 0.520 Loaded shared library C:\Program Files\Java\jdk-19\bin\management_ext.dll
Event: 0.943 Loaded shared library C:\Program Files\Java\jdk-19\bin\verify.dll
Event: 4.476 Loaded shared library C:\Program Files\Java\jdk-19\bin\sunmscapi.dll

Deoptimization events (16 events):
Event: 0.685 Thread 0x0000021ad7b877e0 DEOPT PACKING pc=0x0000021adfe2a0d5 sp=0x0000002823dfd130
Event: 0.685 Thread 0x0000021ad7b877e0 DEOPT UNPACKING pc=0x0000021adfb47543 sp=0x0000002823dfc5e0 mode 3
Event: 0.705 Thread 0x0000021ad7b877e0 DEOPT PACKING pc=0x0000021adfe433d0 sp=0x0000002823dfd100
Event: 0.705 Thread 0x0000021ad7b877e0 DEOPT UNPACKING pc=0x0000021adfb47543 sp=0x0000002823dfc5b8 mode 3
Event: 2.144 Thread 0x0000021aeedacff0 DEOPT PACKING pc=0x0000021ae008b039 sp=0x00000028259fd000
Event: 2.144 Thread 0x0000021aeedacff0 DEOPT UNPACKING pc=0x0000021adfb47543 sp=0x00000028259fc4e0 mode 3
Event: 2.346 Thread 0x0000021aeedacff0 DEOPT PACKING pc=0x0000021adff9d01d sp=0x00000028259fdaf0
Event: 2.346 Thread 0x0000021aeedacff0 DEOPT UNPACKING pc=0x0000021adfb47543 sp=0x00000028259fd058 mode 3
Event: 3.849 Thread 0x0000021aeedacff0 DEOPT PACKING pc=0x0000021ae0301c39 sp=0x00000028259fd160
Event: 3.849 Thread 0x0000021aeedacff0 DEOPT UNPACKING pc=0x0000021adfb47543 sp=0x00000028259fc640 mode 3
Event: 6.731 Thread 0x0000021aeedacff0 DEOPT PACKING pc=0x0000021ae00e113a sp=0x00000028259fbe80
Event: 6.731 Thread 0x0000021aeedacff0 DEOPT UNPACKING pc=0x0000021adfb47543 sp=0x00000028259fb388 mode 3
Event: 7.172 Thread 0x0000021aeedacff0 DEOPT PACKING pc=0x0000021ae05027c8 sp=0x00000028259fbbd0
Event: 7.172 Thread 0x0000021aeedacff0 DEOPT UNPACKING pc=0x0000021adfb47543 sp=0x00000028259fb070 mode 3
Event: 7.535 Thread 0x0000021aeedacff0 DEOPT PACKING pc=0x0000021ae00b4524 sp=0x00000028259fabf0
Event: 7.535 Thread 0x0000021aeedacff0 DEOPT UNPACKING pc=0x0000021adfb47543 sp=0x00000028259fa148 mode 0

Classes loaded (20 events):
Event: 16.813 Loading class java/util/concurrent/Semaphore
Event: 16.815 Loading class java/util/concurrent/Semaphore done
Event: 16.815 Loading class java/util/concurrent/Semaphore$NonfairSync
Event: 16.815 Loading class java/util/concurrent/Semaphore$Sync
Event: 16.815 Loading class java/util/concurrent/Semaphore$Sync done
Event: 16.815 Loading class java/util/concurrent/Semaphore$NonfairSync done
Event: 16.815 Loading class sun/nio/ch/SocketAdaptor
Event: 16.816 Loading class sun/nio/ch/SocketAdaptor done
Event: 16.816 Loading class sun/nio/ch/SocketChannelImpl$DefaultOptionsHolder
Event: 16.816 Loading class sun/nio/ch/SocketChannelImpl$DefaultOptionsHolder done
Event: 16.818 Loading class sun/nio/ch/SelectionKeyImpl
Event: 16.818 Loading class java/nio/channels/spi/AbstractSelectionKey
Event: 16.818 Loading class java/nio/channels/SelectionKey
Event: 16.818 Loading class java/nio/channels/SelectionKey done
Event: 16.818 Loading class java/nio/channels/spi/AbstractSelectionKey done
Event: 16.818 Loading class sun/nio/ch/SelectionKeyImpl done
Event: 16.818 Loading class java/lang/invoke/ConstantBootstraps
Event: 16.819 Loading class java/lang/invoke/ConstantBootstraps done
Event: 16.881 Loading class java/lang/InheritableThreadLocal
Event: 16.881 Loading class java/lang/InheritableThreadLocal done

Classes unloaded (0 events):
No events

Classes redefined (0 events):
No events

Internal exceptions (20 events):
Event: 8.652 Thread 0x0000021aeedacff0 Exception <a 'java/lang/ClassNotFoundException'{0x0000000085611798}: java/lang/ObjectCustomizer> (0x0000000085611798) 
thrown [s\open\src\hotspot\share\classfile\systemDictionary.cpp, line 255]
Event: 8.653 Thread 0x0000021aeedacff0 Exception <a 'java/lang/ClassNotFoundException'{0x000000008561af48}: org/springframework/boot/devtools/autoconfigure/LocalDevToolsAutoConfiguration$LiveReloadConfigurationCustomizer> (0x000000008561af48) 
thrown [s\open\src\hotspot\share\classfile\systemDictionary.cpp, line 255]
Event: 8.655 Thread 0x0000021aeedacff0 Exception <a 'java/lang/ClassNotFoundException'{0x0000000085636fc0}: java/lang/ObjectCustomizer> (0x0000000085636fc0) 
thrown [s\open\src\hotspot\share\classfile\systemDictionary.cpp, line 255]
Event: 8.656 Thread 0x0000021aeedacff0 Exception <a 'java/lang/ClassNotFoundException'{0x000000008563fa00}: org/springframework/boot/devtools/livereload/LiveReloadServerCustomizer> (0x000000008563fa00) 
thrown [s\open\src\hotspot\share\classfile\systemDictionary.cpp, line 255]
Event: 8.657 Thread 0x0000021aeedacff0 Exception <a 'java/lang/ClassNotFoundException'{0x000000008564bf38}: java/lang/ObjectCustomizer> (0x000000008564bf38) 
thrown [s\open\src\hotspot\share\classfile\systemDictionary.cpp, line 255]
Event: 8.657 Thread 0x0000021aeedacff0 Exception <a 'java/lang/ClassNotFoundException'{0x0000000085654ca8}: org/springframework/boot/devtools/autoconfigure/OptionalLiveReloadServerCustomizer> (0x0000000085654ca8) 
thrown [s\open\src\hotspot\share\classfile\systemDictionary.cpp, line 255]
Event: 8.658 Thread 0x0000021aeedacff0 Exception <a 'java/lang/ClassNotFoundException'{0x000000008565d240}: org/springframework/beans/factory/InitializingBeanCustomizer> (0x000000008565d240) 
thrown [s\open\src\hotspot\share\classfile\systemDictionary.cpp, line 255]
Event: 8.661 Thread 0x0000021aeedacff0 Exception <a 'java/lang/ClassNotFoundException'{0x000000008566f110}: java/lang/ObjectCustomizer> (0x000000008566f110) 
thrown [s\open\src\hotspot\share\classfile\systemDictionary.cpp, line 255]
Event: 8.661 Thread 0x0000021aeedacff0 Exception <a 'java/lang/ClassNotFoundException'{0x00000000856789f0}: org/springframework/boot/devtools/autoconfigure/LocalDevToolsAutoConfiguration$LiveReloadServerEventListenerCustomizer> (0x00000000856789f0) 
thrown [s\open\src\hotspot\share\classfile\systemDictionary.cpp, line 255]
Event: 8.662 Thread 0x0000021aeedacff0 Exception <a 'java/lang/ClassNotFoundException'{0x00000000856afff0}: org/springframework/context/event/GenericApplicationListenerCustomizer> (0x00000000856afff0) 
thrown [s\open\src\hotspot\share\classfile\systemDictionary.cpp, line 255]
Event: 8.662 Thread 0x0000021aeedacff0 Exception <a 'java/lang/ClassNotFoundException'{0x00000000856b6a00}: org/springframework/context/event/SmartApplicationListenerCustomizer> (0x00000000856b6a00) 
thrown [s\open\src\hotspot\share\classfile\systemDictionary.cpp, line 255]
Event: 8.662 Thread 0x0000021aeedacff0 Exception <a 'java/lang/ClassNotFoundException'{0x00000000856bec50}: org/springframework/context/ApplicationListenerCustomizer> (0x00000000856bec50) 
thrown [s\open\src\hotspot\share\classfile\systemDictionary.cpp, line 255]
Event: 8.663 Thread 0x0000021aeedacff0 Exception <a 'java/lang/ClassNotFoundException'{0x00000000856c1c60}: java/util/EventListenerCustomizer> (0x00000000856c1c60) 
thrown [s\open\src\hotspot\share\classfile\systemDictionary.cpp, line 255]
Event: 8.663 Thread 0x0000021aeedacff0 Exception <a 'java/lang/ClassNotFoundException'{0x00000000856c67c0}: org/springframework/core/OrderedCustomizer> (0x00000000856c67c0) 
thrown [s\open\src\hotspot\share\classfile\systemDictionary.cpp, line 255]
Event: 8.664 Thread 0x0000021aeedacff0 Exception <a 'java/lang/ClassNotFoundException'{0x00000000856d1810}: java/lang/ObjectCustomizer> (0x00000000856d1810) 
thrown [s\open\src\hotspot\share\classfile\systemDictionary.cpp, line 255]
Event: 8.664 Thread 0x0000021aeedacff0 Exception <a 'java/lang/ClassNotFoundException'{0x00000000856da7b0}: org/springframework/boot/devtools/autoconfigure/LocalDevToolsAutoConfigurationCustomizer> (0x00000000856da7b0) 
thrown [s\open\src\hotspot\share\classfile\systemDictionary.cpp, line 255]
Event: 8.690 Thread 0x0000021aeedacff0 Exception <a 'java/lang/NoSuchMethodError'{0x000000008541f0a0}: 'java.lang.Object java.lang.invoke.DirectMethodHandle$Holder.invokeSpecial(java.lang.Object, java.lang.Object, int, java.lang.Object, int, java.lang.Object)'> (0x000000008541f0a0) 
thrown [s\open\src\hotspot\share\interpreter\linkResolver.cpp, line 774]
Event: 8.691 Thread 0x0000021aeedacff0 Exception <a 'java/lang/NoSuchMethodError'{0x0000000085426e78}: 'java.lang.Object java.lang.invoke.DirectMethodHandle$Holder.newInvokeSpecial(java.lang.Object, java.lang.Object, int, java.lang.Object, int)'> (0x0000000085426e78) 
thrown [s\open\src\hotspot\share\interpreter\linkResolver.cpp, line 774]
Event: 8.691 Thread 0x0000021aeedacff0 Exception <a 'java/lang/NoSuchMethodError'{0x000000008542af90}: 'java.lang.Object java.lang.invoke.DirectMethodHandle$Holder.invokeSpecial(java.lang.Object, java.lang.Object, java.lang.Object, int, java.lang.Object, int)'> (0x000000008542af90) 
thrown [s\open\src\hotspot\share\interpreter\linkResolver.cpp, line 774]
Event: 8.809 Thread 0x0000021af043d630 Exception <a 'java/lang/NoSuchMethodError'{0x0000000085183bc8}: 'java.lang.Object java.lang.invoke.DirectMethodHandle$Holder.invokeInterface(java.lang.Object, java.lang.Object, java.lang.Object, java.lang.Object, java.lang.Object, java.lang.Object, java.lang.Object)'> (0x0000000085183bc8) 
thrown [s\open\src\hotspot\share\interpreter\linkResolver.cpp, line 774]

VM Operations (20 events):
Event: 8.362 Executing VM operation: G1CollectForAllocation done
Event: 8.450 Executing VM operation: HandshakeAllThreads
Event: 8.450 Executing VM operation: HandshakeAllThreads done
Event: 8.578 Executing VM operation: HandshakeAllThreads
Event: 8.578 Executing VM operation: HandshakeAllThreads done
Event: 8.732 Executing VM operation: HandshakeAllThreads
Event: 8.732 Executing VM operation: HandshakeAllThreads done
Event: 9.747 Executing VM operation: Cleanup
Event: 9.747 Executing VM operation: Cleanup done
Event: 11.764 Executing VM operation: Cleanup
Event: 11.764 Executing VM operation: Cleanup done
Event: 16.816 Executing VM operation: HandshakeAllThreads
Event: 16.816 Executing VM operation: HandshakeAllThreads done
Event: 16.860 Executing VM operation: HandshakeAllThreads
Event: 16.860 Executing VM operation: HandshakeAllThreads done
Event: 16.881 Executing VM operation: HandshakeAllThreads
Event: 16.882 Executing VM operation: HandshakeAllThreads done
Event: 16.882 Executing VM operation: Cleanup
Event: 16.882 Executing VM operation: Cleanup done
Event: 16.894 Executing VM operation: G1CollectForAllocation

Events (20 events):
Event: 8.700 Thread 0x0000021af041a5d0 Thread added: 0x0000021af041a5d0
Event: 8.710 Thread 0x0000021af041ab20 Thread added: 0x0000021af041ab20
Event: 8.712 Thread 0x0000021af041cb00 Thread added: 0x0000021af041cb00
Event: 8.737 Thread 0x0000021aeedacff0 Thread exited: 0x0000021aeedacff0
Event: 8.741 Thread 0x0000021aeedacab0 Thread exited: 0x0000021aeedacab0
Event: 8.742 Thread 0x0000021ad7b877e0 Thread exited: 0x0000021ad7b877e0
Event: 8.742 Thread 0x0000021af043c640 Thread added: 0x0000021af043c640
Event: 8.789 Thread 0x0000021af043a110 Thread added: 0x0000021af043a110
Event: 8.794 Thread 0x0000021af043d0e0 Thread added: 0x0000021af043d0e0
Event: 8.794 Thread 0x0000021af043a110 Thread exited: 0x0000021af043a110
Event: 8.804 Thread 0x0000021af043d630 Thread added: 0x0000021af043d630
Event: 8.805 Thread 0x0000021af043a110 Thread added: 0x0000021af043a110
Event: 8.815 Thread 0x0000021af043a110 Thread exited: 0x0000021af043a110
Event: 8.815 Thread 0x0000021af043a110 Thread added: 0x0000021af043a110
Event: 8.820 Thread 0x0000021af043d0e0 Thread exited: 0x0000021af043d0e0
Event: 8.823 Thread 0x0000021af043a110 Thread exited: 0x0000021af043a110
Event: 9.686 Thread 0x0000021aedc97d90 Thread exited: 0x0000021aedc97d90
Event: 11.189 Thread 0x0000021aefc58d60 Thread exited: 0x0000021aefc58d60
Event: 11.266 Thread 0x0000021aefc57820 Thread exited: 0x0000021aefc57820
Event: 15.823 Thread 0x0000021aedc95800 Thread exited: 0x0000021aedc95800


Dynamic libraries:
0x00007ff6682c0000 - 0x00007ff6682d0000 	C:\Program Files\Java\jdk-19\bin\java.exe
0x00007ff9d6ef0000 - 0x00007ff9d70e8000 	C:\Windows\SYSTEM32\ntdll.dll
0x00007ff9d6030000 - 0x00007ff9d60ef000 	C:\Windows\System32\KERNEL32.DLL
0x00007ff9d4720000 - 0x00007ff9d49f2000 	C:\Windows\System32\KERNELBASE.dll
0x00007ff9d4b60000 - 0x00007ff9d4c60000 	C:\Windows\System32\ucrtbase.dll
0x00007ff9cf3f0000 - 0x00007ff9cf408000 	C:\Program Files\Java\jdk-19\bin\jli.dll
0x00007ff9d6260000 - 0x00007ff9d630e000 	C:\Windows\System32\ADVAPI32.dll
0x00007ff9d63e0000 - 0x00007ff9d647e000 	C:\Windows\System32\msvcrt.dll
0x00007ff9d5330000 - 0x00007ff9d53cc000 	C:\Windows\System32\sechost.dll
0x00007ff9d5430000 - 0x00007ff9d5555000 	C:\Windows\System32\RPCRT4.dll
0x00007ff9cf3d0000 - 0x00007ff9cf3eb000 	C:\Program Files\Java\jdk-19\bin\VCRUNTIME140.dll
0x00007ff9d6480000 - 0x00007ff9d661d000 	C:\Windows\System32\USER32.dll
0x00007ff9d4d80000 - 0x00007ff9d4da2000 	C:\Windows\System32\win32u.dll
0x00007ff9d6100000 - 0x00007ff9d612b000 	C:\Windows\System32\GDI32.dll
0x00007ff9d4db0000 - 0x00007ff9d4ebf000 	C:\Windows\System32\gdi32full.dll
0x00007ff9d45f0000 - 0x00007ff9d468d000 	C:\Windows\System32\msvcp_win.dll
0x00007ff9c1aa0000 - 0x00007ff9c1d3a000 	C:\Windows\WinSxS\amd64_microsoft.windows.common-controls_6595b64144ccf1df_6.0.19041.1110_none_60b5254171f9507e\COMCTL32.dll
0x00007ff9c7760000 - 0x00007ff9c776a000 	C:\Windows\SYSTEM32\VERSION.dll
0x00007ff9d6e70000 - 0x00007ff9d6ea2000 	C:\Windows\System32\IMM32.DLL
0x00007ff9cf530000 - 0x00007ff9cf53c000 	C:\Program Files\Java\jdk-19\bin\vcruntime140_1.dll
0x00007ff9cd360000 - 0x00007ff9cd3ee000 	C:\Program Files\Java\jdk-19\bin\msvcp140.dll
0x00007ff9ade20000 - 0x00007ff9aeae0000 	C:\Program Files\Java\jdk-19\bin\server\jvm.dll
0x00007ff9c1db0000 - 0x00007ff9c1db9000 	C:\Windows\SYSTEM32\WSOCK32.dll
0x00007ff9d6130000 - 0x00007ff9d619b000 	C:\Windows\System32\WS2_32.dll
0x00007ff9be840000 - 0x00007ff9be867000 	C:\Windows\SYSTEM32\WINMM.dll
0x00007ff9d24b0000 - 0x00007ff9d24c2000 	C:\Windows\SYSTEM32\kernel.appcore.dll
0x00007ff9cf500000 - 0x00007ff9cf50a000 	C:\Program Files\Java\jdk-19\bin\jimage.dll
0x00007ff9c2410000 - 0x00007ff9c25f4000 	C:\Windows\SYSTEM32\DBGHELP.DLL
0x00007ff9c2360000 - 0x00007ff9c238c000 	C:\Windows\SYSTEM32\dbgcore.DLL
0x00007ff9d4690000 - 0x00007ff9d4712000 	C:\Windows\System32\bcryptPrimitives.dll
0x00007ff9cf370000 - 0x00007ff9cf37e000 	C:\Program Files\Java\jdk-19\bin\instrument.dll
0x00007ff9cf380000 - 0x00007ff9cf3a6000 	C:\Program Files\Java\jdk-19\bin\java.dll
0x00007ff9cd160000 - 0x00007ff9cd237000 	C:\Program Files\Java\jdk-19\bin\jsvml.dll
0x00007ff9d5880000 - 0x00007ff9d5fc3000 	C:\Windows\System32\SHELL32.dll
0x00007ff9d26b0000 - 0x00007ff9d2e42000 	C:\Windows\SYSTEM32\windows.storage.dll
0x00007ff9d4f40000 - 0x00007ff9d5294000 	C:\Windows\System32\combase.dll
0x00007ff9d3f70000 - 0x00007ff9d3fa0000 	C:\Windows\SYSTEM32\Wldp.dll
0x00007ff9d6620000 - 0x00007ff9d66cd000 	C:\Windows\System32\SHCORE.dll
0x00007ff9d66d0000 - 0x00007ff9d6725000 	C:\Windows\System32\shlwapi.dll
0x00007ff9d4530000 - 0x00007ff9d454f000 	C:\Windows\SYSTEM32\profapi.dll
0x00007ff9cf0a0000 - 0x00007ff9cf0b8000 	C:\Program Files\Java\jdk-19\bin\zip.dll
0x00007ff9cf220000 - 0x00007ff9cf233000 	C:\Program Files\Java\jdk-19\bin\net.dll
0x00007ff9c60f0000 - 0x00007ff9c61fc000 	C:\Windows\SYSTEM32\WINHTTP.dll
0x00007ff9d3cd0000 - 0x00007ff9d3d3a000 	C:\Windows\system32\mswsock.dll
0x00007ff9cf200000 - 0x00007ff9cf216000 	C:\Program Files\Java\jdk-19\bin\nio.dll
0x00007ff9cf080000 - 0x00007ff9cf09a000 	C:\Program Files\JetBrains\IntelliJ IDEA 2022.2.3\bin\breakgen64.dll
0x00007ff9cf070000 - 0x00007ff9cf078000 	C:\Program Files\Java\jdk-19\bin\extnet.dll
0x00007ff9d3a00000 - 0x00007ff9d3aca000 	C:\Windows\SYSTEM32\DNSAPI.dll
0x00007ff9d39c0000 - 0x00007ff9d39fb000 	C:\Windows\SYSTEM32\IPHLPAPI.DLL
0x00007ff9d60f0000 - 0x00007ff9d60f8000 	C:\Windows\System32\NSI.dll
0x00007ff9c5c70000 - 0x00007ff9c5c7a000 	C:\Windows\System32\rasadhlp.dll
0x00007ff9c6010000 - 0x00007ff9c6090000 	C:\Windows\System32\fwpuclnt.dll
0x00007ff9d4f10000 - 0x00007ff9d4f37000 	C:\Windows\System32\bcrypt.dll
0x00007ff9cf040000 - 0x00007ff9cf04a000 	C:\Program Files\Java\jdk-19\bin\management.dll
0x00007ff9ce780000 - 0x00007ff9ce78b000 	C:\Program Files\Java\jdk-19\bin\management_ext.dll
0x00007ff9d6250000 - 0x00007ff9d6258000 	C:\Windows\System32\PSAPI.DLL
0x00007ff9d3ec0000 - 0x00007ff9d3ed8000 	C:\Windows\SYSTEM32\CRYPTSP.dll
0x00007ff9d35f0000 - 0x00007ff9d3624000 	C:\Windows\system32\rsaenh.dll
0x00007ff9d44f0000 - 0x00007ff9d451e000 	C:\Windows\SYSTEM32\USERENV.dll
0x00007ff9d3ee0000 - 0x00007ff9d3eec000 	C:\Windows\SYSTEM32\CRYPTBASE.dll
0x00007ff9c9740000 - 0x00007ff9c9757000 	C:\Windows\SYSTEM32\dhcpcsvc6.DLL
0x00007ff9cab20000 - 0x00007ff9cab3d000 	C:\Windows\SYSTEM32\dhcpcsvc.DLL
0x00007ff9a2d20000 - 0x00007ff9a2d37000 	C:\Windows\system32\napinsp.dll
0x00007ff9a2d00000 - 0x00007ff9a2d1b000 	C:\Windows\system32\pnrpnsp.dll
0x00007ff9b9b90000 - 0x00007ff9b9ba5000 	C:\Windows\system32\wshbth.dll
0x00007ff9cfea0000 - 0x00007ff9cfebd000 	C:\Windows\system32\NLAapi.dll
0x00007ff9a0940000 - 0x00007ff9a0952000 	C:\Windows\System32\winrnr.dll
0x00007ff9cf160000 - 0x00007ff9cf170000 	C:\Program Files\Java\jdk-19\bin\verify.dll
0x00007ff9ce770000 - 0x00007ff9ce77e000 	C:\Program Files\Java\jdk-19\bin\sunmscapi.dll
0x00007ff9d4a00000 - 0x00007ff9d4b56000 	C:\Windows\System32\CRYPT32.dll
0x00007ff9d3fe0000 - 0x00007ff9d4007000 	C:\Windows\SYSTEM32\ncrypt.dll
0x00007ff9d3fa0000 - 0x00007ff9d3fdb000 	C:\Windows\SYSTEM32\NTASN1.dll
0x00007ff9bb3b0000 - 0x00007ff9bb3b7000 	C:\Windows\system32\wshunix.dll

dbghelp: loaded successfully - version: 4.0.5 - missing functions: none
symbol engine: initialized successfully - sym options: 0x614 - pdb path: .;C:\Program Files\Java\jdk-19\bin;C:\Windows\SYSTEM32;C:\Windows\WinSxS\amd64_microsoft.windows.common-controls_6595b64144ccf1df_6.0.19041.1110_none_60b5254171f9507e;C:\Program Files\Java\jdk-19\bin\server;C:\Program Files\JetBrains\IntelliJ IDEA 2022.2.3\bin

VM Arguments:
jvm_args: -XX:TieredStopAtLevel=1 -Dspring.output.ansi.enabled=always -Dcom.sun.management.jmxremote -Dspring.jmx.enabled=true -Dspring.liveBeansView.mbeanDomain -Dspring.application.admin.enabled=true -javaagent:C:\Program Files\JetBrains\IntelliJ IDEA 2022.2.3\lib\idea_rt.jar=60922:C:\Program Files\JetBrains\IntelliJ IDEA 2022.2.3\bin -Dfile.encoding=UTF-8 -Dsun.stdout.encoding=UTF-8 -Dsun.stderr.encoding=UTF-8 
java_command: com.gpswoxapi.external.CallingGpswoxapiExternalApplication
java_class_path (initial): C:\Users\Elon Musk\IdeaProjects\calling-gpswoxapi-external\target\classes;C:\Users\Elon Musk\.m2\repository\javax\validation\validation-api\2.0.1.Final\validation-api-2.0.1.Final.jar;C:\Users\Elon Musk\.m2\repository\org\springframework\boot\spring-boot-starter-data-rest\2.7.5\spring-boot-starter-data-rest-2.7.5.jar;C:\Users\Elon Musk\.m2\repository\org\springframework\data\spring-data-rest-webmvc\3.7.5\spring-data-rest-webmvc-3.7.5.jar;C:\Users\Elon Musk\.m2\repository\org\springframework\data\spring-data-rest-core\3.7.5\spring-data-rest-core-3.7.5.jar;C:\Users\Elon Musk\.m2\repository\org\springframework\hateoas\spring-hateoas\1.5.2\spring-hateoas-1.5.2.jar;C:\Users\Elon Musk\.m2\repository\org\springframework\plugin\spring-plugin-core\2.0.0.RELEASE\spring-plugin-core-2.0.0.RELEASE.jar;C:\Users\Elon Musk\.m2\repository\org\atteo\evo-inflector\1.3\evo-inflector-1.3.jar;C:\Users\Elon Musk\.m2\repository\com\fasterxml\jackson\core\jackson-databind\2.13.4.2\jackson-databind-2.13.4.2.jar;C:\Users\Elon Musk\.m2\repository\com\fasterxml\jackson\core\jackson-core\2.13.4\jackson-core-2.13.4.jar;C:\Users\Elon Musk\.m2\repository\com\fasterxml\jackson\core\jackson-annotations\2.13.4\jackson-annotations-2.13.4.jar;C:\Users\Elon Musk\.m2\repository\org\slf4j\slf4j-api\1.7.36\slf4j-api-1.7.36.jar;C:\Users\Elon Musk\.m2\repository\org\springframework\boot\spring-boot-starter-thymeleaf\2.7.5\spring-boot-starter-thymeleaf-2.7.5.jar;C:\Users\Elon Musk\.m2\repository\org\springframework\boot\spring-boot-starter\2.7.5\spring-boot-starter-2.7.5.jar;C:\Users\Elon Musk\.m2\repository\org\springframework\boot\spring-boot-starter-logging\2.7.5\spring-boot-starter-logging-2.7.5.jar;C:\Users\Elon Musk\.m2\repository\ch\qos\logback\logback-classic\1.2.11\logback-classic-1.2.11.jar;C:\Users\Elon Musk\.m2\repository\ch\qos\logback\logback-core\1.2.11\logback-core-1.2.11.jar;C:\Users\Elon Musk\.m2\repository\org\apache\logging\log4j\log4j-to-slf4j\2.17.2\log4j-to-slf4j-2.17.2.jar;C:\Users\Elon Musk\.m2\repository\org\apache\logging\log4j\log4j-api\2.17.2\log4j-api-2.17.2.jar;C:\Users\Elon Musk\.m2\repository\org\slf4j\jul-to-slf4j\1.7.36\jul-to-slf4j-1.7.36.jar;C:\Users\Elon Musk\.m2\repository\jakarta\annotation\jakarta.annotation-api\1.3.5\jakarta.annotation-api-1.3.5.jar;C:\Users\Elon Musk\.m2\repository\org\yaml\snakeyaml\1.30\snakeyaml-1.30.jar;C:\Users\Elon Musk\.m2\repository\org\thymeleaf\thymeleaf-spring5\3.0.15.RELEASE\thymeleaf-spring5-3.0.15.RELEASE.jar;C:\Users\Elon Musk\.m2\repository\org\thymeleaf\thymeleaf\3.0.15.RELEASE\thymeleaf-3.0.15.RELEASE.jar;C:\Users\Elon Musk\.m2\repository\org\attoparser\attoparser\2.0.5.RELEASE\attoparser-2.0.5.RELEASE.jar;C:\Users\Elon Musk\.m2\repository\org\unbescape\unbescape\1.1.6.RELEASE\unbescape-1.1.6.RELEASE.jar;C:\Users\Elon Musk\.m2\repository\org\thymeleaf\extras\thymeleaf-extras-java8time\3.0.4.RELEASE\thymeleaf-extras-java8time-3.0.4.RELEASE.jar;C:\Users\Elon Musk\.m2\repository\org\springframework\boot\spring-boot-starter-web\2.7.5\spring-boot-starter-web-2.7.5.jar;C:\Users\Elon Musk\.m2\repository\org\springframework\boot\spring-boot-starter-json\2.7.5\spring-boot-starter-json-2.7.5.jar;C:\Users\Elon Musk\.m2\repository\com\fasterxml\jackson\datatype\jackson-datatype-jdk8\2.13.4\jackson-datatype-jdk8-2.13.4.jar;C:\Users\Elon Musk\.m2\repository\com\fasterxml\jackson\datatype\jackson-datatype-jsr310\2.13.4\jackson-datatype-jsr310-2.13.4.jar;C:\Users\Elon Musk\.m2\repository\com\fasterxml\jackson\module\jackson-module-parameter-names\2.13.4\jackson-module-parameter-names-2.13.4.jar;C:\Users\Elon Musk\.m2\repository\org\springframework\boot\spring-boot-starter-tomcat\2.7.5\spring-boot-starter-tomcat-2.7.5.jar;C:\Users\Elon Musk\.m2\repository\org\apache\tomcat\embed\tomcat-embed-core\9.0.68\tomcat-embed-core-9.0.68.jar;C:\Users\Elon Musk\.m2\repository\org\apache\tomcat\embed\tomcat-embed-el\9.0.68\tomcat-embed-el-9.0.68.jar;C:\Users\Elon Musk\.m2\repository\org\apache\tomcat\embed\tomcat-embed-websocket\9.0.68\tomcat-embed-websocket-9.0.68.jar;C:\Users\Elon Musk\.m2\repository\org\springframework\spring-web\5.3.23\spring-web-5.3.23.jar;C:\Users\Elon Musk\.m2\repository\org\springframework\spring-beans\5.3.23\spring-beans-5.3.23.jar;C:\Users\Elon Musk\.m2\repository\org\springframework\spring-webmvc\5.3.23\spring-webmvc-5.3.23.jar;C:\Users\Elon Musk\.m2\repository\org\springframework\spring-aop\5.3.23\spring-aop-5.3.23.jar;C:\Users\Elon Musk\.m2\repository\org\springframework\spring-context\5.3.23\spring-context-5.3.23.jar;C:\Users\Elon Musk\.m2\repository\org\springframework\spring-expression\5.3.23\spring-expression-5.3.23.jar;C:\Users\Elon Musk\.m2\repository\org\springframework\boot\spring-boot-starter-web-services\2.7.5\spring-boot-starter-web-services-2.7.5.jar;C:\Users\Elon Musk\.m2\repository\com\sun\xml\messaging\saaj\saaj-impl\1.5.3\saaj-impl-1.5.3.jar;C:\Users\Elon Musk\.m2\repository\jakarta\xml\soap\jakarta.xml.soap-api\1.4.2\jakarta.xml.soap-api-1.4.2.jar;C:\Users\Elon Musk\.m2\repository\org\jvnet\staxex\stax-ex\1.8.3\stax-ex-1.8.3.jar;C:\Users\Elon Musk\.m2\repository\com\sun\activation\jakarta.activation\1.2.2\jakarta.activation-1.2.2.jar;C:\Users\Elon Musk\.m2\repository\jakarta\xml\ws\jakarta.xml.ws-api\2.3.3\jakarta.xml.ws-api-2.3.3.jar;C:\Users\Elon Musk\.m2\repository\jakarta\jws\jakarta.jws-api\2.1.0\jakarta.jws-api-2.1.0.jar;C:\Users\Elon Musk\.m2\repository\org\springframework\spring-oxm\5.3.23\spring-oxm-5.3.23.jar;C:\Users\Elon Musk\.m2\repository\org\springframework\ws\spring-ws-core\3.1.3\spring-ws-core-3.1.3.jar;C:\Users\Elon Musk\.m2\repository\org\springframework\ws\spring-xml\3.1.3\spring-xml-3.1.3.jar;C:\Users\Elon Musk\.m2\repository\org\springframework\boot\spring-boot-starter-webflux\2.7.5\spring-boot-starter-webflux-2.7.5.jar;C:\Users\Elon Musk\.m2\repository\org\springframework\boot\spring-boot-starter-reactor-netty\2.7.5\spring-boot-starter-reactor-netty-2.7.5.jar;C:\Users\Elon Musk\.m2\repository\io\projectreactor\netty\reactor-netty-http\1.0.24\reactor-netty-http-1.0.24.jar;C:\Users\Elon Musk\.m2\repository\io\netty\netty-codec-http\4.1.84.Final\netty-codec-http-4.1.84.Final.jar;C:\Users\Elon Musk\.m2\repository\io\netty\netty-common\4.1.84.Final\netty-common-4.1.84.Final.jar;C:\Users\Elon Musk\.m2\repository\io\netty\netty-buffer\4.1.84.Final\netty-buffer-4.1.84.Final.jar;C:\Users\Elon Musk\.m2\repository\io\netty\netty-transport\4.1.84.Final\netty-transport-4.1.84.Final.jar;C:\Users\Elon Musk\.m2\repository\io\netty\netty-codec\4.1.84.Final\netty-codec-4.1.84.Final.jar;C:\Users\Elon Musk\.m2\repository\io\netty\netty-handler\4.1.84.Final\netty-handler-4.1.84.Final.jar;C:\Users\Elon Musk\.m2\repository\io\netty\netty-codec-http2\4.1.84.Final\netty-codec-http2-4.1.84.Final.jar;C:\Users\Elon Musk\.m2\repository\io\netty\netty-resolver-dns\4.1.84.Final\netty-resolver-dns-4.1.84.Final.jar;C:\Users\Elon Musk\.m2\repository\io\netty\netty-resolver\4.1.84.Final\netty-resolver-4.1.84.Final.jar;C:\Users\Elon Musk\.m2\repository\io\netty\netty-codec-dns\4.1.84.Final\netty-codec-dns-4.1.84.Final.jar;C:\Users\Elon Musk\.m2\repository\io\netty\netty-resolver-dns-native-macos\4.1.84.Final\netty-resolver-dns-native-macos-4.1.84.Final-osx-x86_64.jar;C:\Users\Elon Musk\.m2\repository\io\netty\netty-resolver-dns-classes-macos\4.1.84.Final\netty-resolver-dns-classes-macos-4.1.84.Final.jar;C:\Users\Elon Musk\.m2\repository\io\netty\netty-transport-native-epoll\4.1.84.Final\netty-transport-native-epoll-4.1.84.Final-linux-x86_64.jar;C:\Users\Elon Musk\.m2\repository\io\netty\netty-transport-native-unix-common\4.1.84.Final\netty-transport-native-unix-common-4.1.84.Final.jar;C:\Users\Elon Musk\.m2\repository\io\netty\netty-transport-classes-epoll\4.1.84.Final\netty-transport-classes-epoll-4.1.84.Final.jar;C:\Users\Elon Musk\.m2\repository\io\projectreactor\netty\reactor-netty-core\1.0.24\reactor-netty-core-1.0.24.jar;C:\Users\Elon Musk\.m2\repository\io\netty\netty-handler-proxy\4.1.84.Final\netty-handler-proxy-4.1.84.Final.jar;C:\Users\Elon Musk\.m2\repository\io\netty\netty-codec-socks\4.1.84.Final\netty-codec-socks-4.1.84.Final.jar;C:\Users\Elon Musk\.m2\repository\org\springframework\spring-webflux\5.3.23\spring-webflux-5.3.23.jar;C:\Users\Elon Musk\.m2\repository\org\springframework\session\spring-session-core\2.7.0\spring-session-core-2.7.0.jar;C:\Users\Elon Musk\.m2\repository\org\springframework\spring-jcl\5.3.23\spring-jcl-5.3.23.jar;C:\Users\Elon Musk\.m2\repository\org\springframework\boot\spring-boot-devtools\2.7.5\spring-boot-devtools-2.7.5.jar;C:\Users\Elon Musk\.m2\repository\org\springframework\boot\spring-boot\2.7.5\spring-boot-2.7.5.jar;C:\Users\Elon Musk\.m2\repository\org\springframework\boot\spring-boot-autoconfigure\2.7.5\spring-boot-autoconfigure-2.7.5.jar;C:\Users\Elon Musk\.m2\repository\com\h2database\h2\2.1.214\h2-2.1.214.jar;C:\Users\Elon Musk\.m2\repository\org\postgresql\postgresql\42.5.0\postgresql-42.5.0.jar;C:\Users\Elon Musk\.m2\repository\org\checkerframework\checker-qual\3.5.0\checker-qual-3.5.0.jar;C:\Users\Elon Musk\.m2\repository\org\projectlombok\lombok\1.18.24\lombok-1.18.24.jar;C:\Users\Elon Musk\.m2\repository\com\jayway\jsonpath\json-path\2.7.0\json-path-2.7.0.jar;C:\Users\Elon Musk\.m2\repository\net\minidev\json-smart\2.4.8\json-smart-2.4.8.jar;C:\Users\Elon Musk\.m2\repository\net\minidev\accessors-smart\2.4.8\accessors-smart-2.4.8.jar;C:\Users\Elon Musk\.m2\repository\org\ow2\asm\asm\9.1\asm-9.1.jar;C:\Users\Elon Musk\.m2\repository\jakarta\xml\bind\jakarta.xml.bind-api\2.3.3\jakarta.xml.bind-api-2.3.3.jar;C:\Users\Elon Musk\.m2\repository\jakarta\activation\jakarta.activation-api\1.2.2\jakarta.activation-api-1.2.2.jar;C:\Users\Elon Musk\.m2\repository\net\bytebuddy\byte-buddy\1.12.18\byte-buddy-1.12.18.jar;C:\Users\Elon Musk\.m2\repository\org\springframework\spring-core\5.3.23\spring-core-5.3.23.jar;C:\Users\Elon Musk\.m2\repository\io\projectreactor\reactor-core\3.4.24\reactor-core-3.4.24.jar;C:\Users\Elon Musk\.m2\repository\org\reactivestreams\reactive-streams\1.0.4\reactive-streams-1.0.4.jar;C:\Users\Elon Musk\.m2\repository\com\google\code\gson\gson\2.10\gson-2.10.jar;C:\Users\Elon Musk\.m2\repository\org\springframework\boot\spring-boot-starter-data-jpa\2.7.5\spring-boot-starter-data-jpa-2.7.5.jar;C:\Users\Elon Musk\.m2\repository\org\springframework\boot\spring-boot-starter-aop\2.7.5\spring-boot-starter-aop-2.7.5.jar;C:\Users\Elon Musk\.m2\repository\org\aspectj\aspectjweaver\1.9.7\aspectjweaver-1.9.7.jar;C:\Users\Elon Musk\.m2\repository\org\springframework\boot\spring-boot-starter-jdbc\2.7.5\spring-boot-starter-jdbc-2.7.5.jar;C:\Users\Elon Musk\.m2\repository\com\zaxxer\HikariCP\4.0.3\HikariCP-4.0.3.jar;C:\Users\Elon Musk\.m2\repository\org\springframework\spring-jdbc\5.3.23\spring-jdbc-5.3.23.jar;C:\Users\Elon Musk\.m2\repository\jakarta\transaction\jakarta.transaction-api\1.3.3\jakarta.transaction-api-1.3.3.jar;C:\Users\Elon Musk\.m2\repository\jakarta\persistence\jakarta.persistence-api\2.2.3\jakarta.persistence-api-2.2.3.jar;C:\Users\Elon Musk\.m2\repository\org\hibernate\hibernate-core\5.6.12.Final\hibernate-core-5.6.12.Final.jar;C:\Users\Elon Musk\.m2\repository\org\jboss\logging\jboss-logging\3.4.3.Final\jboss-logging-3.4.3.Final.jar;C:\Users\Elon Musk\.m2\repository\antlr\antlr\2.7.7\antlr-2.7.7.jar;C:\Users\Elon Musk\.m2\repository\org\jboss\jandex\2.4.2.Final\jandex-2.4.2.Final.jar;C:\Users\Elon Musk\.m2\repository\com\fasterxml\classmate\1.5.1\classmate-1.5.1.jar;C:\Users\Elon Musk\.m2\repository\org\hibernate\common\hibernate-commons-annotations\5.1.2.Final\hibernate-commons-annotations-5.1.2.Final.jar;C:\Users\Elon Musk\.m2\repository\org\glassfish\jaxb\jaxb-runtime\2.3.7\jaxb-runtime-2.3.7.jar;C:\Users\Elon Musk\.m2\repository\org\glassfish\jaxb\txw2\2.3.7\txw2-2.3.7.jar;C:\Users\Elon Musk\.m2\repository\com\sun\istack\istack-commons-runtime\3.0.12\istack-commons-runtime-3.0.12.jar;C:\Users\Elon Musk\.m2\repository\org\springframework\data\spring-data-jpa\2.7.5\spring-data-jpa-2.7.5.jar;C:\Users\Elon Musk\.m2\repository\org\springframework\data\spring-data-commons\2.7.5\spring-data-commons-2.7.5.jar;C:\Users\Elon Musk\.m2\repository\org\springframework\spring-orm\5.3.23\spring-orm-5.3.23.jar;C:\Users\Elon Musk\.m2\repository\org\springframework\spring-tx\5.3.23\spring-tx-5.3.23.jar;C:\Users\Elon Musk\.m2\repository\org\springframework\spring-aspects\5.3.23\spring-aspects-5.3.23.jar;C:\Users\Elon Musk\.m2\repository\org\apache\httpcomponents\httpclient\4.5.13\httpclient-4.5.13.jar;C:\Users\Elon Musk\.m2\repository\org\apache\httpcomponents\httpcore\4.4.15\httpcore-4.4.15.jar;C:\Users\Elon Musk\.m2\repository\commons-codec\commons-codec\1.15\commons-codec-1.15.jar
Launcher Type: SUN_STANDARD

[Global flags]
     intx CICompilerCount                          = 3                                         {product} {ergonomic}
     uint ConcGCThreads                            = 1                                         {product} {ergonomic}
     uint G1ConcRefinementThreads                  = 4                                         {product} {ergonomic}
   size_t G1HeapRegionSize                         = 1048576                                   {product} {ergonomic}
    uintx GCDrainStackTargetSize                   = 64                                        {product} {ergonomic}
   size_t InitialHeapSize                          = 134217728                                 {product} {ergonomic}
     bool ManagementServer                         = true                                      {product} {command line}
   size_t MarkStackSize                            = 4194304                                   {product} {ergonomic}
   size_t MaxHeapSize                              = 2122317824                                {product} {ergonomic}
   size_t MaxNewSize                               = 1272971264                                {product} {ergonomic}
   size_t MinHeapDeltaBytes                        = 1048576                                   {product} {ergonomic}
   size_t MinHeapSize                              = 8388608                                   {product} {ergonomic}
    uintx NonProfiledCodeHeapSize                  = 0                                      {pd product} {ergonomic}
     bool ProfileInterpreter                       = false                                  {pd product} {command line}
    uintx ProfiledCodeHeapSize                     = 0                                      {pd product} {ergonomic}
   size_t SoftMaxHeapSize                          = 2122317824                             {manageable} {ergonomic}
     intx TieredStopAtLevel                        = 1                                         {product} {command line}
     bool UseCompressedClassPointers               = true                           {product lp64_product} {ergonomic}
     bool UseCompressedOops                        = true                           {product lp64_product} {ergonomic}
     bool UseG1GC                                  = true                                      {product} {ergonomic}
     bool UseLargePagesIndividualAllocation        = false                                  {pd product} {ergonomic}

Logging:
Log output configuration:
 #0: stdout all=warning uptime,level,tags foldmultilines=false
 #1: stderr all=off uptime,level,tags foldmultilines=false

Environment Variables:
PATH=C:\Program Files\Common Files\Oracle\Java\javapath;C:\Windows\system32;C:\Windows;C:\Windows\System32\Wbem;C:\Windows\System32\WindowsPowerShell\v1.0\;C:\Windows\System32\OpenSSH\;C:\Program Files\Git\cmd;C:\Users\Elon Musk\AppData\Local\Microsoft\WindowsApps;C:\Program Files\JetBrains\IntelliJ IDEA 2022.2.3\bin;
USERNAME=Elon Musk
OS=Windows_NT
PROCESSOR_IDENTIFIER=Intel64 Family 6 Model 58 Stepping 9, GenuineIntel
TMP=C:\Users\ELONMU~1\AppData\Local\Temp
TEMP=C:\Users\ELONMU~1\AppData\Local\Temp



---------------  S Y S T E M  ---------------

OS:
 Windows 10 , 64 bit Build 19041 (10.0.19041.2251)
OS uptime: 0 days 11:37 hours

CPU: total 4 (initial active 4) (2 cores per cpu, 2 threads per core) family 6 model 58 stepping 9 microcode 0x21, cx8, cmov, fxsr, ht, mmx, sse, sse2, sse3, ssse3, sse4.1, sse4.2, popcnt, tsc, tscinvbit, avx, aes, erms, clmul, vzeroupper, clflush, rdtscp

Memory: 4k page, system-wide physical 8095M (656M free)
TotalPageFile size 10995M (AvailPageFile size 47M)
current process WorkingSet (physical memory assigned to process): 209M, peak: 209M
current process commit charge ("private bytes"): 245M, peak: 294M

vm_info: Java HotSpot(TM) 64-Bit Server VM (19.0.1+10-21) for windows-amd64 JRE (19.0.1+10-21), built on 2022-09-14T12:45:06Z by "mach5one" with MS VC++ 17.1 (VS2022)

END.
