#
# There is insufficient memory for the Java Runtime Environment to continue.
# Native memory allocation (mmap) failed to map 65536 bytes for Failed to commit metaspace.
# Possible reasons:
#   The system is out of physical RAM or swap space
#   The process is running with CompressedOops enabled, and the Java Heap may be blocking the growth of the native heap
# Possible solutions:
#   Reduce memory load on the system
#   Increase physical memory or swap space
#   Check if swap backing store is full
#   Decrease Java heap size (-Xmx/-Xms)
#   Decrease number of Java threads
#   Decrease Java thread stack sizes (-Xss)
#   Set larger code cache with -XX:ReservedCodeCacheSize=
#   JVM is running with Unscaled Compressed Oops mode in which the Java heap is
#     placed in the first 4GB address space. The Java Heap base address is the
#     maximum limit for the native heap growth. Please use -XX:HeapBaseMinAddress
#     to set the Java Heap base and to place the Java Heap above 4GB virtual address.
# This output file may be truncated or incomplete.
#
#  Out of Memory Error (virtualSpaceNode.cpp:110), pid=9900, tid=5624
#
# JRE version: OpenJDK Runtime Environment JBR-17.0.4.1+7-469.62-jcef (17.0.4.1+7) (build 17.0.4.1+7-b469.62)
# Java VM: OpenJDK 64-Bit Server VM JBR-17.0.4.1+7-469.62-jcef (17.0.4.1+7-b469.62, mixed mode, tiered, compressed oops, compressed class ptrs, g1 gc, windows-amd64)
# No core dump will be written. Minidumps are not enabled by default on client versions of Windows
#

---------------  S U M M A R Y ------------

Command Line: -Dawt.toolkit=com.intellij.desktop.DesktopActionsToolkit -Djava.rmi.server.hostname=127.0.0.1 -Duser.timezone=UTC -Xmx750m -Xms128m --add-exports=java.desktop/sun.awt=ALL-UNNAMED --add-exports=java.desktop/java.awt.peer=ALL-UNNAMED --add-opens=java.desktop/java.awt=ALL-UNNAMED --add-opens=jdk.unsupported/sun.misc=ALL-UNNAMED --add-opens=java.base/java.nio=ALL-UNNAMED -Dfile.encoding=UTF-8 com.intellij.database.remote.RemoteJdbcServer org.postgresql.Driver

Host: Intel(R) Core(TM) i5-3340M CPU @ 2.70GHz, 4 cores, 7G,  Windows 10 , 64 bit Build 19041 (10.0.19041.2251)
Time: Tue Nov 29 18:10:44 2022 Morocco Daylight Time elapsed time: 0.565651 seconds (0d 0h 0m 0s)

---------------  T H R E A D  ---------------

Current thread (0x000002c3acdbbe70):  JavaThread "RMI Scheduler(0)" daemon [_thread_in_vm, id=5624, stack(0x000000ede4800000,0x000000ede4900000)]

Stack: [0x000000ede4800000,0x000000ede4900000]
Native frames: (J=compiled Java code, j=interpreted, Vv=VM code, C=native code)
V  [jvm.dll+0x68356a]
V  [jvm.dll+0x83fab4]
V  [jvm.dll+0x84125e]
V  [jvm.dll+0x8418c3]
V  [jvm.dll+0x249735]
V  [jvm.dll+0x83bb0b]
V  [jvm.dll+0x627a06]
V  [jvm.dll+0x627a6a]
V  [jvm.dll+0x62a27a]
V  [jvm.dll+0x6283a6]
V  [jvm.dll+0x23ebc7]
V  [jvm.dll+0x1e9393]
V  [jvm.dll+0x1ee186]
V  [jvm.dll+0x1e3b1c]
V  [jvm.dll+0x547dad]
V  [jvm.dll+0x1f443b]
V  [jvm.dll+0x7b996b]
V  [jvm.dll+0x7badb2]
V  [jvm.dll+0x7bb0e8]
V  [jvm.dll+0x2414ce]
V  [jvm.dll+0x24171f]
V  [jvm.dll+0x565bb8]
V  [jvm.dll+0x568af7]
V  [jvm.dll+0x388447]
V  [jvm.dll+0x387a9f]
C  0x000002c398c0a4ec

Java frames: (J=compiled Java code, j=interpreted, Vv=VM code)
j  java.time.Duration.<clinit>()V+15 java.base@17.0.4.1
v  ~StubRoutines::call_stub
j  java.time.temporal.ChronoUnit.<clinit>()V+10 java.base@17.0.4.1
v  ~StubRoutines::call_stub
j  java.util.concurrent.TimeUnit$1.<clinit>()V+0 java.base@17.0.4.1
v  ~StubRoutines::call_stub
j  java.util.concurrent.TimeUnit.convert(JLjava/util/concurrent/TimeUnit;)J+0 java.base@17.0.4.1
j  java.util.concurrent.ScheduledThreadPoolExecutor$ScheduledFutureTask.getDelay(Ljava/util/concurrent/TimeUnit;)J+12 java.base@17.0.4.1
j  java.util.concurrent.ScheduledThreadPoolExecutor$DelayedWorkQueue.take()Ljava/util/concurrent/RunnableScheduledFuture;+36 java.base@17.0.4.1
j  java.util.concurrent.ScheduledThreadPoolExecutor$DelayedWorkQueue.take()Ljava/lang/Object;+1 java.base@17.0.4.1
j  java.util.concurrent.ThreadPoolExecutor.getTask()Ljava/lang/Runnable;+147 java.base@17.0.4.1
j  java.util.concurrent.ThreadPoolExecutor.runWorker(Ljava/util/concurrent/ThreadPoolExecutor$Worker;)V+26 java.base@17.0.4.1
j  java.util.concurrent.ThreadPoolExecutor$Worker.run()V+5 java.base@17.0.4.1
j  java.lang.Thread.run()V+11 java.base@17.0.4.1
v  ~StubRoutines::call_stub

---------------  P R O C E S S  ---------------

Threads class SMR info:
_java_thread_list=0x000002c3acd8d6e0, length=22, elements={
0x000002c395490b40, 0x000002c3abc5e610, 0x000002c3abc5fdb0, 0x000002c3ac8095a0,
0x000002c3ac80be70, 0x000002c3ac80d6e0, 0x000002c3ac80e740, 0x000002c3ac812fd0,
0x000002c3ac816080, 0x000002c3ac816980, 0x000002c3ac97a420, 0x000002c3ac97a8f0,
0x000002c3acb40940, 0x000002c3acb43680, 0x000002c3acb43b50, 0x000002c3acd6f8e0,
0x000002c3aca4ce90, 0x000002c3acd64850, 0x000002c3acd3d4b0, 0x000002c3acd9acc0,
0x000002c3acdbbe70, 0x000002c3acdbdb50
}

Java Threads: ( => current thread )
  0x000002c395490b40 JavaThread "main" [_thread_blocked, id=10976, stack(0x000000ede2d00000,0x000000ede2e00000)]
  0x000002c3abc5e610 JavaThread "Reference Handler" daemon [_thread_blocked, id=10216, stack(0x000000ede3400000,0x000000ede3500000)]
  0x000002c3abc5fdb0 JavaThread "Finalizer" daemon [_thread_blocked, id=8508, stack(0x000000ede3500000,0x000000ede3600000)]
  0x000002c3ac8095a0 JavaThread "Signal Dispatcher" daemon [_thread_blocked, id=1084, stack(0x000000ede3600000,0x000000ede3700000)]
  0x000002c3ac80be70 JavaThread "Attach Listener" daemon [_thread_blocked, id=216, stack(0x000000ede3700000,0x000000ede3800000)]
  0x000002c3ac80d6e0 JavaThread "Service Thread" daemon [_thread_blocked, id=10460, stack(0x000000ede3800000,0x000000ede3900000)]
  0x000002c3ac80e740 JavaThread "Monitor Deflation Thread" daemon [_thread_blocked, id=11444, stack(0x000000ede3900000,0x000000ede3a00000)]
  0x000002c3ac812fd0 JavaThread "C2 CompilerThread0" daemon [_thread_blocked, id=13004, stack(0x000000ede3a00000,0x000000ede3b00000)]
  0x000002c3ac816080 JavaThread "C1 CompilerThread0" daemon [_thread_blocked, id=6280, stack(0x000000ede3b00000,0x000000ede3c00000)]
  0x000002c3ac816980 JavaThread "Sweeper thread" daemon [_thread_blocked, id=9728, stack(0x000000ede3c00000,0x000000ede3d00000)]
  0x000002c3ac97a420 JavaThread "Common-Cleaner" daemon [_thread_blocked, id=2444, stack(0x000000ede3d00000,0x000000ede3e00000)]
  0x000002c3ac97a8f0 JavaThread "Notification Thread" daemon [_thread_blocked, id=6936, stack(0x000000ede3e00000,0x000000ede3f00000)]
  0x000002c3acb40940 JavaThread "Java2D Disposer" daemon [_thread_blocked, id=12592, stack(0x000000ede4000000,0x000000ede4100000)]
  0x000002c3acb43680 JavaThread "AWT-Shutdown" [_thread_blocked, id=11188, stack(0x000000ede4100000,0x000000ede4200000)]
  0x000002c3acb43b50 JavaThread "AWT-Windows" daemon [_thread_in_native, id=4800, stack(0x000000ede4200000,0x000000ede4300000)]
  0x000002c3acd6f8e0 JavaThread "RMI TCP Accept-8828" daemon [_thread_in_native, id=11144, stack(0x000000ede4300000,0x000000ede4400000)]
  0x000002c3aca4ce90 JavaThread "RMI TCP Accept-0" daemon [_thread_in_native, id=11196, stack(0x000000ede4400000,0x000000ede4500000)]
  0x000002c3acd64850 JavaThread "RMI Reaper" [_thread_blocked, id=7208, stack(0x000000ede4500000,0x000000ede4600000)]
  0x000002c3acd3d4b0 JavaThread "RMI GC Daemon" daemon [_thread_blocked, id=12000, stack(0x000000ede4600000,0x000000ede4700000)]
  0x000002c3acd9acc0 JavaThread "RMI TCP Connection(1)-127.0.0.1" daemon [_thread_in_native, id=11900, stack(0x000000ede4700000,0x000000ede4800000)]
=>0x000002c3acdbbe70 JavaThread "RMI Scheduler(0)" daemon [_thread_in_vm, id=5624, stack(0x000000ede4800000,0x000000ede4900000)]
  0x000002c3acdbdb50 JavaThread "RMI TCP Connection(2)-127.0.0.1" daemon [_thread_in_vm, id=10384, stack(0x000000ede4900000,0x000000ede4a00000)]

Other Threads:
  0x000002c3abc3b7c0 VMThread "VM Thread" [stack: 0x000000ede3300000,0x000000ede3400000] [id=4412]
  0x000002c3954d5ab0 WatcherThread [stack: 0x000000ede3f00000,0x000000ede4000000] [id=3960]
  0x000002c3954c4b30 GCTaskThread "GC Thread#0" [stack: 0x000000ede2e00000,0x000000ede2f00000] [id=11740]
  0x000002c3954cd760 ConcurrentGCThread "G1 Main Marker" [stack: 0x000000ede2f00000,0x000000ede3000000] [id=6904]
  0x000002c3954ce820 ConcurrentGCThread "G1 Conc#0" [stack: 0x000000ede3000000,0x000000ede3100000] [id=3068]
  0x000002c395549540 ConcurrentGCThread "G1 Refine#0" [stack: 0x000000ede3100000,0x000000ede3200000] [id=11680]
  0x000002c395549e70 ConcurrentGCThread "G1 Service" [stack: 0x000000ede3200000,0x000000ede3300000] [id=6272]

Threads with active compile tasks:

VM state: not at safepoint (normal execution)

VM Mutex/Monitor currently owned by a thread:  ([mutex/lock_event])
[0x000002c39548a3d0] Metaspace_lock - owner thread: 0x000002c3acdbbe70

Heap address: 0x00000000d1200000, size: 750 MB, Compressed Oops mode: 32-bit

CDS archive(s) not mapped
Compressed class space mapped at: 0x0000000100000000-0x0000000140000000, reserved size: 1073741824
Narrow klass base: 0x0000000000000000, Narrow klass shift: 3, Narrow klass range: 0x140000000

GC Precious Log:
 CPUs: 4 total, 4 available
 Memory: 8095M
 Large Page Support: Disabled
 NUMA Support: Disabled
 Compressed Oops: Enabled (32-bit)
 Heap Region Size: 1M
 Heap Min Capacity: 128M
 Heap Initial Capacity: 128M
 Heap Max Capacity: 750M
 Pre-touch: Disabled
 Parallel Workers: 4
 Concurrent Workers: 1
 Concurrent Refinement Workers: 4
 Periodic GC: Disabled

Heap:
 garbage-first heap   total 131072K, used 7168K [0x00000000d1200000, 0x0000000100000000)
  region size 1024K, 9 young (9216K), 0 survivors (0K)
 Metaspace       used 12325K, committed 12544K, reserved 1064960K
  class space    used 1212K, committed 1344K, reserved 1048576K

Heap Regions: E=young(eden), S=young(survivor), O=old, HS=humongous(starts), HC=humongous(continues), CS=collection set, F=free, OA=open archive, CA=closed archive, TAMS=top-at-mark-start (previous, next)
|   0|0x00000000d1200000, 0x00000000d1200000, 0x00000000d1300000|  0%| F|  |TAMS 0x00000000d1200000, 0x00000000d1200000| Untracked 
|   1|0x00000000d1300000, 0x00000000d1300000, 0x00000000d1400000|  0%| F|  |TAMS 0x00000000d1300000, 0x00000000d1300000| Untracked 
|   2|0x00000000d1400000, 0x00000000d1400000, 0x00000000d1500000|  0%| F|  |TAMS 0x00000000d1400000, 0x00000000d1400000| Untracked 
|   3|0x00000000d1500000, 0x00000000d1500000, 0x00000000d1600000|  0%| F|  |TAMS 0x00000000d1500000, 0x00000000d1500000| Untracked 
|   4|0x00000000d1600000, 0x00000000d1600000, 0x00000000d1700000|  0%| F|  |TAMS 0x00000000d1600000, 0x00000000d1600000| Untracked 
|   5|0x00000000d1700000, 0x00000000d1700000, 0x00000000d1800000|  0%| F|  |TAMS 0x00000000d1700000, 0x00000000d1700000| Untracked 
|   6|0x00000000d1800000, 0x00000000d1800000, 0x00000000d1900000|  0%| F|  |TAMS 0x00000000d1800000, 0x00000000d1800000| Untracked 
|   7|0x00000000d1900000, 0x00000000d1900000, 0x00000000d1a00000|  0%| F|  |TAMS 0x00000000d1900000, 0x00000000d1900000| Untracked 
|   8|0x00000000d1a00000, 0x00000000d1a00000, 0x00000000d1b00000|  0%| F|  |TAMS 0x00000000d1a00000, 0x00000000d1a00000| Untracked 
|   9|0x00000000d1b00000, 0x00000000d1b00000, 0x00000000d1c00000|  0%| F|  |TAMS 0x00000000d1b00000, 0x00000000d1b00000| Untracked 
|  10|0x00000000d1c00000, 0x00000000d1c00000, 0x00000000d1d00000|  0%| F|  |TAMS 0x00000000d1c00000, 0x00000000d1c00000| Untracked 
|  11|0x00000000d1d00000, 0x00000000d1d00000, 0x00000000d1e00000|  0%| F|  |TAMS 0x00000000d1d00000, 0x00000000d1d00000| Untracked 
|  12|0x00000000d1e00000, 0x00000000d1e00000, 0x00000000d1f00000|  0%| F|  |TAMS 0x00000000d1e00000, 0x00000000d1e00000| Untracked 
|  13|0x00000000d1f00000, 0x00000000d1f00000, 0x00000000d2000000|  0%| F|  |TAMS 0x00000000d1f00000, 0x00000000d1f00000| Untracked 
|  14|0x00000000d2000000, 0x00000000d2000000, 0x00000000d2100000|  0%| F|  |TAMS 0x00000000d2000000, 0x00000000d2000000| Untracked 
|  15|0x00000000d2100000, 0x00000000d2100000, 0x00000000d2200000|  0%| F|  |TAMS 0x00000000d2100000, 0x00000000d2100000| Untracked 
|  16|0x00000000d2200000, 0x00000000d2200000, 0x00000000d2300000|  0%| F|  |TAMS 0x00000000d2200000, 0x00000000d2200000| Untracked 
|  17|0x00000000d2300000, 0x00000000d2300000, 0x00000000d2400000|  0%| F|  |TAMS 0x00000000d2300000, 0x00000000d2300000| Untracked 
|  18|0x00000000d2400000, 0x00000000d2400000, 0x00000000d2500000|  0%| F|  |TAMS 0x00000000d2400000, 0x00000000d2400000| Untracked 
|  19|0x00000000d2500000, 0x00000000d2500000, 0x00000000d2600000|  0%| F|  |TAMS 0x00000000d2500000, 0x00000000d2500000| Untracked 
|  20|0x00000000d2600000, 0x00000000d2600000, 0x00000000d2700000|  0%| F|  |TAMS 0x00000000d2600000, 0x00000000d2600000| Untracked 
|  21|0x00000000d2700000, 0x00000000d2700000, 0x00000000d2800000|  0%| F|  |TAMS 0x00000000d2700000, 0x00000000d2700000| Untracked 
|  22|0x00000000d2800000, 0x00000000d2800000, 0x00000000d2900000|  0%| F|  |TAMS 0x00000000d2800000, 0x00000000d2800000| Untracked 
|  23|0x00000000d2900000, 0x00000000d2900000, 0x00000000d2a00000|  0%| F|  |TAMS 0x00000000d2900000, 0x00000000d2900000| Untracked 
|  24|0x00000000d2a00000, 0x00000000d2a00000, 0x00000000d2b00000|  0%| F|  |TAMS 0x00000000d2a00000, 0x00000000d2a00000| Untracked 
|  25|0x00000000d2b00000, 0x00000000d2b00000, 0x00000000d2c00000|  0%| F|  |TAMS 0x00000000d2b00000, 0x00000000d2b00000| Untracked 
|  26|0x00000000d2c00000, 0x00000000d2c00000, 0x00000000d2d00000|  0%| F|  |TAMS 0x00000000d2c00000, 0x00000000d2c00000| Untracked 
|  27|0x00000000d2d00000, 0x00000000d2d00000, 0x00000000d2e00000|  0%| F|  |TAMS 0x00000000d2d00000, 0x00000000d2d00000| Untracked 
|  28|0x00000000d2e00000, 0x00000000d2e00000, 0x00000000d2f00000|  0%| F|  |TAMS 0x00000000d2e00000, 0x00000000d2e00000| Untracked 
|  29|0x00000000d2f00000, 0x00000000d2f00000, 0x00000000d3000000|  0%| F|  |TAMS 0x00000000d2f00000, 0x00000000d2f00000| Untracked 
|  30|0x00000000d3000000, 0x00000000d3000000, 0x00000000d3100000|  0%| F|  |TAMS 0x00000000d3000000, 0x00000000d3000000| Untracked 
|  31|0x00000000d3100000, 0x00000000d3100000, 0x00000000d3200000|  0%| F|  |TAMS 0x00000000d3100000, 0x00000000d3100000| Untracked 
|  32|0x00000000d3200000, 0x00000000d3200000, 0x00000000d3300000|  0%| F|  |TAMS 0x00000000d3200000, 0x00000000d3200000| Untracked 
|  33|0x00000000d3300000, 0x00000000d3300000, 0x00000000d3400000|  0%| F|  |TAMS 0x00000000d3300000, 0x00000000d3300000| Untracked 
|  34|0x00000000d3400000, 0x00000000d3400000, 0x00000000d3500000|  0%| F|  |TAMS 0x00000000d3400000, 0x00000000d3400000| Untracked 
|  35|0x00000000d3500000, 0x00000000d3500000, 0x00000000d3600000|  0%| F|  |TAMS 0x00000000d3500000, 0x00000000d3500000| Untracked 
|  36|0x00000000d3600000, 0x00000000d3600000, 0x00000000d3700000|  0%| F|  |TAMS 0x00000000d3600000, 0x00000000d3600000| Untracked 
|  37|0x00000000d3700000, 0x00000000d3700000, 0x00000000d3800000|  0%| F|  |TAMS 0x00000000d3700000, 0x00000000d3700000| Untracked 
|  38|0x00000000d3800000, 0x00000000d3800000, 0x00000000d3900000|  0%| F|  |TAMS 0x00000000d3800000, 0x00000000d3800000| Untracked 
|  39|0x00000000d3900000, 0x00000000d3900000, 0x00000000d3a00000|  0%| F|  |TAMS 0x00000000d3900000, 0x00000000d3900000| Untracked 
|  40|0x00000000d3a00000, 0x00000000d3a00000, 0x00000000d3b00000|  0%| F|  |TAMS 0x00000000d3a00000, 0x00000000d3a00000| Untracked 
|  41|0x00000000d3b00000, 0x00000000d3b00000, 0x00000000d3c00000|  0%| F|  |TAMS 0x00000000d3b00000, 0x00000000d3b00000| Untracked 
|  42|0x00000000d3c00000, 0x00000000d3c00000, 0x00000000d3d00000|  0%| F|  |TAMS 0x00000000d3c00000, 0x00000000d3c00000| Untracked 
|  43|0x00000000d3d00000, 0x00000000d3d00000, 0x00000000d3e00000|  0%| F|  |TAMS 0x00000000d3d00000, 0x00000000d3d00000| Untracked 
|  44|0x00000000d3e00000, 0x00000000d3e00000, 0x00000000d3f00000|  0%| F|  |TAMS 0x00000000d3e00000, 0x00000000d3e00000| Untracked 
|  45|0x00000000d3f00000, 0x00000000d3f00000, 0x00000000d4000000|  0%| F|  |TAMS 0x00000000d3f00000, 0x00000000d3f00000| Untracked 
|  46|0x00000000d4000000, 0x00000000d4000000, 0x00000000d4100000|  0%| F|  |TAMS 0x00000000d4000000, 0x00000000d4000000| Untracked 
|  47|0x00000000d4100000, 0x00000000d4100000, 0x00000000d4200000|  0%| F|  |TAMS 0x00000000d4100000, 0x00000000d4100000| Untracked 
|  48|0x00000000d4200000, 0x00000000d4200000, 0x00000000d4300000|  0%| F|  |TAMS 0x00000000d4200000, 0x00000000d4200000| Untracked 
|  49|0x00000000d4300000, 0x00000000d4300000, 0x00000000d4400000|  0%| F|  |TAMS 0x00000000d4300000, 0x00000000d4300000| Untracked 
|  50|0x00000000d4400000, 0x00000000d4400000, 0x00000000d4500000|  0%| F|  |TAMS 0x00000000d4400000, 0x00000000d4400000| Untracked 
|  51|0x00000000d4500000, 0x00000000d4500000, 0x00000000d4600000|  0%| F|  |TAMS 0x00000000d4500000, 0x00000000d4500000| Untracked 
|  52|0x00000000d4600000, 0x00000000d4600000, 0x00000000d4700000|  0%| F|  |TAMS 0x00000000d4600000, 0x00000000d4600000| Untracked 
|  53|0x00000000d4700000, 0x00000000d4700000, 0x00000000d4800000|  0%| F|  |TAMS 0x00000000d4700000, 0x00000000d4700000| Untracked 
|  54|0x00000000d4800000, 0x00000000d4800000, 0x00000000d4900000|  0%| F|  |TAMS 0x00000000d4800000, 0x00000000d4800000| Untracked 
|  55|0x00000000d4900000, 0x00000000d4900000, 0x00000000d4a00000|  0%| F|  |TAMS 0x00000000d4900000, 0x00000000d4900000| Untracked 
|  56|0x00000000d4a00000, 0x00000000d4a00000, 0x00000000d4b00000|  0%| F|  |TAMS 0x00000000d4a00000, 0x00000000d4a00000| Untracked 
|  57|0x00000000d4b00000, 0x00000000d4b00000, 0x00000000d4c00000|  0%| F|  |TAMS 0x00000000d4b00000, 0x00000000d4b00000| Untracked 
|  58|0x00000000d4c00000, 0x00000000d4c00000, 0x00000000d4d00000|  0%| F|  |TAMS 0x00000000d4c00000, 0x00000000d4c00000| Untracked 
|  59|0x00000000d4d00000, 0x00000000d4d00000, 0x00000000d4e00000|  0%| F|  |TAMS 0x00000000d4d00000, 0x00000000d4d00000| Untracked 
|  60|0x00000000d4e00000, 0x00000000d4e00000, 0x00000000d4f00000|  0%| F|  |TAMS 0x00000000d4e00000, 0x00000000d4e00000| Untracked 
|  61|0x00000000d4f00000, 0x00000000d4f00000, 0x00000000d5000000|  0%| F|  |TAMS 0x00000000d4f00000, 0x00000000d4f00000| Untracked 
|  62|0x00000000d5000000, 0x00000000d5000000, 0x00000000d5100000|  0%| F|  |TAMS 0x00000000d5000000, 0x00000000d5000000| Untracked 
|  63|0x00000000d5100000, 0x00000000d5100000, 0x00000000d5200000|  0%| F|  |TAMS 0x00000000d5100000, 0x00000000d5100000| Untracked 
|  64|0x00000000d5200000, 0x00000000d5200000, 0x00000000d5300000|  0%| F|  |TAMS 0x00000000d5200000, 0x00000000d5200000| Untracked 
|  65|0x00000000d5300000, 0x00000000d5300000, 0x00000000d5400000|  0%| F|  |TAMS 0x00000000d5300000, 0x00000000d5300000| Untracked 
|  66|0x00000000d5400000, 0x00000000d5400000, 0x00000000d5500000|  0%| F|  |TAMS 0x00000000d5400000, 0x00000000d5400000| Untracked 
|  67|0x00000000d5500000, 0x00000000d5500000, 0x00000000d5600000|  0%| F|  |TAMS 0x00000000d5500000, 0x00000000d5500000| Untracked 
|  68|0x00000000d5600000, 0x00000000d5600000, 0x00000000d5700000|  0%| F|  |TAMS 0x00000000d5600000, 0x00000000d5600000| Untracked 
|  69|0x00000000d5700000, 0x00000000d5700000, 0x00000000d5800000|  0%| F|  |TAMS 0x00000000d5700000, 0x00000000d5700000| Untracked 
|  70|0x00000000d5800000, 0x00000000d5800000, 0x00000000d5900000|  0%| F|  |TAMS 0x00000000d5800000, 0x00000000d5800000| Untracked 
|  71|0x00000000d5900000, 0x00000000d5900000, 0x00000000d5a00000|  0%| F|  |TAMS 0x00000000d5900000, 0x00000000d5900000| Untracked 
|  72|0x00000000d5a00000, 0x00000000d5a00000, 0x00000000d5b00000|  0%| F|  |TAMS 0x00000000d5a00000, 0x00000000d5a00000| Untracked 
|  73|0x00000000d5b00000, 0x00000000d5b00000, 0x00000000d5c00000|  0%| F|  |TAMS 0x00000000d5b00000, 0x00000000d5b00000| Untracked 
|  74|0x00000000d5c00000, 0x00000000d5c00000, 0x00000000d5d00000|  0%| F|  |TAMS 0x00000000d5c00000, 0x00000000d5c00000| Untracked 
|  75|0x00000000d5d00000, 0x00000000d5d00000, 0x00000000d5e00000|  0%| F|  |TAMS 0x00000000d5d00000, 0x00000000d5d00000| Untracked 
|  76|0x00000000d5e00000, 0x00000000d5e00000, 0x00000000d5f00000|  0%| F|  |TAMS 0x00000000d5e00000, 0x00000000d5e00000| Untracked 
|  77|0x00000000d5f00000, 0x00000000d5f00000, 0x00000000d6000000|  0%| F|  |TAMS 0x00000000d5f00000, 0x00000000d5f00000| Untracked 
|  78|0x00000000d6000000, 0x00000000d6000000, 0x00000000d6100000|  0%| F|  |TAMS 0x00000000d6000000, 0x00000000d6000000| Untracked 
|  79|0x00000000d6100000, 0x00000000d6100000, 0x00000000d6200000|  0%| F|  |TAMS 0x00000000d6100000, 0x00000000d6100000| Untracked 
|  80|0x00000000d6200000, 0x00000000d6200000, 0x00000000d6300000|  0%| F|  |TAMS 0x00000000d6200000, 0x00000000d6200000| Untracked 
|  81|0x00000000d6300000, 0x00000000d6300000, 0x00000000d6400000|  0%| F|  |TAMS 0x00000000d6300000, 0x00000000d6300000| Untracked 
|  82|0x00000000d6400000, 0x00000000d6400000, 0x00000000d6500000|  0%| F|  |TAMS 0x00000000d6400000, 0x00000000d6400000| Untracked 
|  83|0x00000000d6500000, 0x00000000d6500000, 0x00000000d6600000|  0%| F|  |TAMS 0x00000000d6500000, 0x00000000d6500000| Untracked 
|  84|0x00000000d6600000, 0x00000000d6600000, 0x00000000d6700000|  0%| F|  |TAMS 0x00000000d6600000, 0x00000000d6600000| Untracked 
|  85|0x00000000d6700000, 0x00000000d6700000, 0x00000000d6800000|  0%| F|  |TAMS 0x00000000d6700000, 0x00000000d6700000| Untracked 
|  86|0x00000000d6800000, 0x00000000d6800000, 0x00000000d6900000|  0%| F|  |TAMS 0x00000000d6800000, 0x00000000d6800000| Untracked 
|  87|0x00000000d6900000, 0x00000000d6900000, 0x00000000d6a00000|  0%| F|  |TAMS 0x00000000d6900000, 0x00000000d6900000| Untracked 
|  88|0x00000000d6a00000, 0x00000000d6a00000, 0x00000000d6b00000|  0%| F|  |TAMS 0x00000000d6a00000, 0x00000000d6a00000| Untracked 
|  89|0x00000000d6b00000, 0x00000000d6b00000, 0x00000000d6c00000|  0%| F|  |TAMS 0x00000000d6b00000, 0x00000000d6b00000| Untracked 
|  90|0x00000000d6c00000, 0x00000000d6c00000, 0x00000000d6d00000|  0%| F|  |TAMS 0x00000000d6c00000, 0x00000000d6c00000| Untracked 
|  91|0x00000000d6d00000, 0x00000000d6d00000, 0x00000000d6e00000|  0%| F|  |TAMS 0x00000000d6d00000, 0x00000000d6d00000| Untracked 
|  92|0x00000000d6e00000, 0x00000000d6e00000, 0x00000000d6f00000|  0%| F|  |TAMS 0x00000000d6e00000, 0x00000000d6e00000| Untracked 
|  93|0x00000000d6f00000, 0x00000000d6f00000, 0x00000000d7000000|  0%| F|  |TAMS 0x00000000d6f00000, 0x00000000d6f00000| Untracked 
|  94|0x00000000d7000000, 0x00000000d7000000, 0x00000000d7100000|  0%| F|  |TAMS 0x00000000d7000000, 0x00000000d7000000| Untracked 
|  95|0x00000000d7100000, 0x00000000d7100000, 0x00000000d7200000|  0%| F|  |TAMS 0x00000000d7100000, 0x00000000d7100000| Untracked 
|  96|0x00000000d7200000, 0x00000000d7200000, 0x00000000d7300000|  0%| F|  |TAMS 0x00000000d7200000, 0x00000000d7200000| Untracked 
|  97|0x00000000d7300000, 0x00000000d7300000, 0x00000000d7400000|  0%| F|  |TAMS 0x00000000d7300000, 0x00000000d7300000| Untracked 
|  98|0x00000000d7400000, 0x00000000d7400000, 0x00000000d7500000|  0%| F|  |TAMS 0x00000000d7400000, 0x00000000d7400000| Untracked 
|  99|0x00000000d7500000, 0x00000000d7500000, 0x00000000d7600000|  0%| F|  |TAMS 0x00000000d7500000, 0x00000000d7500000| Untracked 
| 100|0x00000000d7600000, 0x00000000d7600000, 0x00000000d7700000|  0%| F|  |TAMS 0x00000000d7600000, 0x00000000d7600000| Untracked 
| 101|0x00000000d7700000, 0x00000000d7700000, 0x00000000d7800000|  0%| F|  |TAMS 0x00000000d7700000, 0x00000000d7700000| Untracked 
| 102|0x00000000d7800000, 0x00000000d7800000, 0x00000000d7900000|  0%| F|  |TAMS 0x00000000d7800000, 0x00000000d7800000| Untracked 
| 103|0x00000000d7900000, 0x00000000d7900000, 0x00000000d7a00000|  0%| F|  |TAMS 0x00000000d7900000, 0x00000000d7900000| Untracked 
| 104|0x00000000d7a00000, 0x00000000d7a00000, 0x00000000d7b00000|  0%| F|  |TAMS 0x00000000d7a00000, 0x00000000d7a00000| Untracked 
| 105|0x00000000d7b00000, 0x00000000d7b00000, 0x00000000d7c00000|  0%| F|  |TAMS 0x00000000d7b00000, 0x00000000d7b00000| Untracked 
| 106|0x00000000d7c00000, 0x00000000d7c00000, 0x00000000d7d00000|  0%| F|  |TAMS 0x00000000d7c00000, 0x00000000d7c00000| Untracked 
| 107|0x00000000d7d00000, 0x00000000d7d00000, 0x00000000d7e00000|  0%| F|  |TAMS 0x00000000d7d00000, 0x00000000d7d00000| Untracked 
| 108|0x00000000d7e00000, 0x00000000d7e00000, 0x00000000d7f00000|  0%| F|  |TAMS 0x00000000d7e00000, 0x00000000d7e00000| Untracked 
| 109|0x00000000d7f00000, 0x00000000d7f00000, 0x00000000d8000000|  0%| F|  |TAMS 0x00000000d7f00000, 0x00000000d7f00000| Untracked 
| 110|0x00000000d8000000, 0x00000000d8000000, 0x00000000d8100000|  0%| F|  |TAMS 0x00000000d8000000, 0x00000000d8000000| Untracked 
| 111|0x00000000d8100000, 0x00000000d8100000, 0x00000000d8200000|  0%| F|  |TAMS 0x00000000d8100000, 0x00000000d8100000| Untracked 
| 112|0x00000000d8200000, 0x00000000d8200000, 0x00000000d8300000|  0%| F|  |TAMS 0x00000000d8200000, 0x00000000d8200000| Untracked 
| 113|0x00000000d8300000, 0x00000000d8300000, 0x00000000d8400000|  0%| F|  |TAMS 0x00000000d8300000, 0x00000000d8300000| Untracked 
| 114|0x00000000d8400000, 0x00000000d8400000, 0x00000000d8500000|  0%| F|  |TAMS 0x00000000d8400000, 0x00000000d8400000| Untracked 
| 115|0x00000000d8500000, 0x00000000d8500000, 0x00000000d8600000|  0%| F|  |TAMS 0x00000000d8500000, 0x00000000d8500000| Untracked 
| 116|0x00000000d8600000, 0x00000000d8600000, 0x00000000d8700000|  0%| F|  |TAMS 0x00000000d8600000, 0x00000000d8600000| Untracked 
| 117|0x00000000d8700000, 0x00000000d8700000, 0x00000000d8800000|  0%| F|  |TAMS 0x00000000d8700000, 0x00000000d8700000| Untracked 
| 118|0x00000000d8800000, 0x00000000d8800000, 0x00000000d8900000|  0%| F|  |TAMS 0x00000000d8800000, 0x00000000d8800000| Untracked 
| 119|0x00000000d8900000, 0x00000000d89c8488, 0x00000000d8a00000| 78%| E|  |TAMS 0x00000000d8900000, 0x00000000d8900000| Complete 
| 120|0x00000000d8a00000, 0x00000000d8b00000, 0x00000000d8b00000|100%| E|CS|TAMS 0x00000000d8a00000, 0x00000000d8a00000| Complete 
| 121|0x00000000d8b00000, 0x00000000d8c00000, 0x00000000d8c00000|100%| E|CS|TAMS 0x00000000d8b00000, 0x00000000d8b00000| Complete 
| 122|0x00000000d8c00000, 0x00000000d8d00000, 0x00000000d8d00000|100%| E|CS|TAMS 0x00000000d8c00000, 0x00000000d8c00000| Complete 
| 123|0x00000000d8d00000, 0x00000000d8e00000, 0x00000000d8e00000|100%| E|CS|TAMS 0x00000000d8d00000, 0x00000000d8d00000| Complete 
| 124|0x00000000d8e00000, 0x00000000d8f00000, 0x00000000d8f00000|100%| E|CS|TAMS 0x00000000d8e00000, 0x00000000d8e00000| Complete 
| 125|0x00000000d8f00000, 0x00000000d9000000, 0x00000000d9000000|100%| E|CS|TAMS 0x00000000d8f00000, 0x00000000d8f00000| Complete 
| 126|0x00000000d9000000, 0x00000000d9100000, 0x00000000d9100000|100%| E|  |TAMS 0x00000000d9000000, 0x00000000d9000000| Complete 
| 127|0x00000000d9100000, 0x00000000d9200000, 0x00000000d9200000|100%| E|CS|TAMS 0x00000000d9100000, 0x00000000d9100000| Complete 

Card table byte_map: [0x000002c3a7bf0000,0x000002c3a7d70000] _byte_map_base: 0x000002c3a7567000

Marking Bits (Prev, Next): (CMBitMap*) 0x000002c3954c5050, (CMBitMap*) 0x000002c3954c5090
 Prev Bits: [0x000002c3a7ef0000, 0x000002c3a8aa8000)
 Next Bits: [0x000002c3a8ab0000, 0x000002c3a9668000)

Polling page: 0x000002c393340000

Metaspace:

Usage:
  Non-class:     10.85 MB used.
      Class:      1.18 MB used.
       Both:     12.04 MB used.

Virtual space:
  Non-class space:       16.00 MB reserved,      10.94 MB ( 68%) committed,  2 nodes.
      Class space:        1.00 GB reserved,       1.31 MB ( <1%) committed,  1 nodes.
             Both:        1.02 GB reserved,      12.25 MB (  1%) committed. 

Chunk freelists:
   Non-Class:  941.00 KB
       Class:  2.71 MB
        Both:  3.63 MB

MaxMetaspaceSize: unlimited
CompressedClassSpaceSize: 1.00 GB
Initial GC threshold: 21.00 MB
Current GC threshold: 21.00 MB
CDS: off
MetaspaceReclaimPolicy: balanced
 - commit_granule_bytes: 65536.
 - commit_granule_words: 8192.
 - virtual_space_node_default_size: 1048576.
 - enlarge_chunks_in_place: 1.
 - new_chunks_are_fully_committed: 0.
 - uncommit_free_chunks: 1.
 - use_allocation_guard: 0.
 - handle_deallocations: 1.


Internal statistics:

num_allocs_failed_limit: 0.
num_arena_births: 156.
num_arena_deaths: 0.
num_vsnodes_births: 3.
num_vsnodes_deaths: 0.
num_space_committed: 196.
num_space_uncommitted: 0.
num_chunks_returned_to_freelist: 0.
num_chunks_taken_from_freelist: 249.
num_chunk_merges: 0.
num_chunk_splits: 135.
num_chunks_enlarged: 53.
num_purges: 0.
num_inconsistent_stats: 0.

CodeHeap 'non-profiled nmethods': size=120000Kb used=199Kb max_used=199Kb free=119800Kb
 bounds [0x000002c3a06c0000, 0x000002c3a0930000, 0x000002c3a7bf0000]
CodeHeap 'profiled nmethods': size=120000Kb used=1023Kb max_used=1023Kb free=118976Kb
 bounds [0x000002c399190000, 0x000002c399400000, 0x000002c3a06c0000]
CodeHeap 'non-nmethods': size=5760Kb used=1187Kb max_used=1200Kb free=4572Kb
 bounds [0x000002c398bf0000, 0x000002c398e60000, 0x000002c399190000]
 total_blobs=1148 nmethods=660 adapters=401
 compilation: enabled
              stopped_count=0, restarted_count=0
 full_count=0

Compilation events (20 events):
Event: 0.552 Thread 0x000002c3ac816080  650       3       java.util.concurrent.ConcurrentHashMap$ValueIterator::next (34 bytes)
Event: 0.552 Thread 0x000002c3ac812fd0  651       4       java.nio.DirectByteBuffer::ix (10 bytes)
Event: 0.552 Thread 0x000002c3ac816080 nmethod 650 0x000002c39928c590 code [0x000002c39928c740, 0x000002c39928c998]
Event: 0.552 Thread 0x000002c3ac816080  652       3       jdk.internal.jimage.ImageLocation::readValue (61 bytes)
Event: 0.552 Thread 0x000002c3ac816080 nmethod 652 0x000002c39928ca90 code [0x000002c39928cc60, 0x000002c39928d018]
Event: 0.552 Thread 0x000002c3ac812fd0 nmethod 651 0x000002c3a06f0e90 code [0x000002c3a06f1000, 0x000002c3a06f1078]
Event: 0.553 Thread 0x000002c3ac816080  653       3       java.lang.invoke.MethodHandles$Lookup::hasFullPrivilegeAccess (18 bytes)
Event: 0.553 Thread 0x000002c3ac816080 nmethod 653 0x000002c39928d190 code [0x000002c39928d320, 0x000002c39928d498]
Event: 0.554 Thread 0x000002c3ac816080  654       3       java.lang.StringLatin1::inflate (34 bytes)
Event: 0.554 Thread 0x000002c3ac816080 nmethod 654 0x000002c39928d510 code [0x000002c39928d6c0, 0x000002c39928d8d8]
Event: 0.554 Thread 0x000002c3ac812fd0  655       4       jdk.internal.reflect.ClassFileAssembler::emitByte (11 bytes)
Event: 0.554 Thread 0x000002c3ac816080  657       3       java.util.ArrayList::grow (60 bytes)
Event: 0.555 Thread 0x000002c3ac816080 nmethod 657 0x000002c39928da90 code [0x000002c39928dc80, 0x000002c39928e2d8]
Event: 0.555 Thread 0x000002c3ac816080  659   !   3       jdk.internal.reflect.UTF8::encode (191 bytes)
Event: 0.556 Thread 0x000002c3ac816080 nmethod 659 0x000002c39928e510 code [0x000002c39928e780, 0x000002c39928f398]
Event: 0.556 Thread 0x000002c3ac816080  658       3       jdk.internal.reflect.ByteVectorImpl::get (26 bytes)
Event: 0.556 Thread 0x000002c3ac812fd0 nmethod 655 0x000002c3a06f1190 code [0x000002c3a06f1320, 0x000002c3a06f1468]
Event: 0.556 Thread 0x000002c3ac812fd0  656       4       jdk.internal.reflect.ByteVectorImpl::add (38 bytes)
Event: 0.556 Thread 0x000002c3ac816080 nmethod 658 0x000002c39928fa10 code [0x000002c39928fbc0, 0x000002c39928fd88]
Event: 0.558 Thread 0x000002c3ac812fd0 nmethod 656 0x000002c3a06f1610 code [0x000002c3a06f17a0, 0x000002c3a06f18a8]

GC Heap History (0 events):
No events

Deoptimization events (14 events):
Event: 0.186 Thread 0x000002c395490b40 Uncommon trap: trap_request=0xffffff45 fr.pc=0x000002c3a06c7100 relative=0x00000000000005c0
Event: 0.186 Thread 0x000002c395490b40 Uncommon trap: reason=unstable_if action=reinterpret pc=0x000002c3a06c7100 method=java.util.zip.ZipFile$Source.checkAndAddEntry(II)I @ 50 c2
Event: 0.186 Thread 0x000002c395490b40 DEOPT PACKING pc=0x000002c3a06c7100 sp=0x000000ede2dfddd0
Event: 0.186 Thread 0x000002c395490b40 DEOPT UNPACKING pc=0x000002c398c423a3 sp=0x000000ede2dfdd48 mode 2
Event: 0.186 Thread 0x000002c395490b40 Uncommon trap: trap_request=0xffffff45 fr.pc=0x000002c3a06c678c relative=0x000000000000026c
Event: 0.186 Thread 0x000002c395490b40 Uncommon trap: reason=unstable_if action=reinterpret pc=0x000002c3a06c678c method=java.util.zip.ZipCoder$UTF8ZipCoder.checkedHash([BII)I @ 75 c2
Event: 0.186 Thread 0x000002c395490b40 DEOPT PACKING pc=0x000002c3a06c678c sp=0x000000ede2dfdd10
Event: 0.186 Thread 0x000002c395490b40 DEOPT UNPACKING pc=0x000002c398c423a3 sp=0x000000ede2dfdca0 mode 2
Event: 0.186 Thread 0x000002c395490b40 Uncommon trap: trap_request=0xffffff45 fr.pc=0x000002c3a06c7dcc relative=0x000000000000014c
Event: 0.186 Thread 0x000002c395490b40 Uncommon trap: reason=unstable_if action=reinterpret pc=0x000002c3a06c7dcc method=java.util.zip.ZipFile$Source.isMetaName([BII)Z @ 15 c2
Event: 0.186 Thread 0x000002c395490b40 DEOPT PACKING pc=0x000002c3a06c7dcc sp=0x000000ede2dfdde0
Event: 0.186 Thread 0x000002c395490b40 DEOPT UNPACKING pc=0x000002c398c423a3 sp=0x000000ede2dfdd88 mode 2
Event: 0.481 Thread 0x000002c395490b40 DEOPT PACKING pc=0x000002c3991a87e7 sp=0x000000ede2dfe810
Event: 0.481 Thread 0x000002c395490b40 DEOPT UNPACKING pc=0x000002c398c42b43 sp=0x000000ede2dfdc30 mode 0

Classes unloaded (0 events):
No events

Classes redefined (0 events):
No events

Internal exceptions (8 events):
Event: 0.257 Thread 0x000002c395490b40 Exception <a 'java/lang/ClassNotFoundException'{0x00000000d8e8b2c0}: sun/awt/resources/spi/awtProvider> (0x00000000d8e8b2c0) 
thrown [s\src\hotspot\share\classfile\systemDictionary.cpp, line 256]
Event: 0.279 Thread 0x000002c395490b40 Exception <a 'java/io/FileNotFoundException'{0x00000000d8ed6a30}> (0x00000000d8ed6a30) 
thrown [s\src\hotspot\share\prims\jni.cpp, line 517]
Event: 0.288 Thread 0x000002c395490b40 Exception <a 'java/io/FileNotFoundException'{0x00000000d8d040c8}> (0x00000000d8d040c8) 
thrown [s\src\hotspot\share\prims\jni.cpp, line 517]
Event: 0.329 Thread 0x000002c395490b40 Exception <a 'java/lang/NoSuchMethodError'{0x00000000d8d3e918}: 'java.lang.Object java.lang.invoke.DirectMethodHandle$Holder.invokeStaticInit(java.lang.Object)'> (0x00000000d8d3e918) 
thrown [s\src\hotspot\share\interpreter\linkResolver.cpp, line 771]
Event: 0.396 Thread 0x000002c395490b40 Exception <a 'java/lang/NoSuchMethodError'{0x00000000d8c2ce50}: 'java.lang.Object java.lang.invoke.DirectMethodHandle$Holder.invokeStaticInit(java.lang.Object, int, int, int, int)'> (0x00000000d8c2ce50) 
thrown [s\src\hotspot\share\interpreter\linkResolver.cpp, line 771]
Event: 0.436 Thread 0x000002c395490b40 Exception <a 'java/lang/NoSuchMethodError'{0x00000000d8c6a698}: 'java.lang.Object java.lang.invoke.DirectMethodHandle$Holder.invokeStaticInit(java.lang.Object, java.lang.Object, int, int, int, int)'> (0x00000000d8c6a698) 
thrown [s\src\hotspot\share\interpreter\linkResolver.cpp, line 771]
Event: 0.462 Thread 0x000002c395490b40 Exception <a 'java/lang/NoSuchMethodError'{0x00000000d8ca4640}: 'void java.lang.invoke.DirectMethodHandle$Holder.invokeStatic(java.lang.Object, java.lang.Object)'> (0x00000000d8ca4640) 
thrown [s\src\hotspot\share\interpreter\linkResolver.cpp, line 771]
Event: 0.511 Thread 0x000002c395490b40 Exception <a 'java/lang/NoSuchMethodError'{0x00000000d8a30cb8}: 'java.lang.Object java.lang.invoke.Invokers$Holder.linkToTargetMethod(java.lang.Object, long, java.lang.Object)'> (0x00000000d8a30cb8) 
thrown [s\src\hotspot\share\interpreter\linkResolver.cpp, line 771]

VM Operations (6 events):
Event: 0.170 Executing VM operation: HandshakeAllThreads
Event: 0.170 Executing VM operation: HandshakeAllThreads done
Event: 0.359 Executing VM operation: HandshakeAllThreads
Event: 0.359 Executing VM operation: HandshakeAllThreads done
Event: 0.380 Executing VM operation: HandshakeAllThreads
Event: 0.380 Executing VM operation: HandshakeAllThreads done

Events (20 events):
Event: 0.558 loading class java/util/concurrent/FutureTask$WaitNode done
Event: 0.558 loading class java/util/concurrent/Executors
Event: 0.558 loading class java/util/concurrent/Executors done
Event: 0.558 loading class java/util/concurrent/Executors$RunnableAdapter
Event: 0.559 loading class java/util/concurrent/Callable
Event: 0.559 loading class java/util/concurrent/Callable done
Event: 0.559 loading class java/util/concurrent/Executors$RunnableAdapter done
Event: 0.559 Thread 0x000002c3acdbbe70 Thread added: 0x000002c3acdbbe70
Event: 0.560 loading class java/util/concurrent/TimeUnit$1
Event: 0.560 loading class java/util/concurrent/TimeUnit$1 done
Event: 0.560 loading class java/time/temporal/ChronoUnit
Event: 0.560 loading class java/time/temporal/TemporalUnit
Event: 0.560 loading class java/time/temporal/TemporalUnit done
Event: 0.560 loading class java/time/temporal/ChronoUnit done
Event: 0.560 loading class java/time/Duration
Event: 0.561 loading class java/time/temporal/TemporalAmount
Event: 0.561 loading class java/time/temporal/TemporalAmount done
Event: 0.561 loading class java/time/Duration done
Event: 0.561 loading class java/math/BigInteger
Event: 0.562 Thread 0x000002c3acdbdb50 Thread added: 0x000002c3acdbdb50


Dynamic libraries:
0x00007ff6d3ef0000 - 0x00007ff6d3efa000 	C:\Program Files\JetBrains\IntelliJ IDEA 2022.2.3\jbr\bin\java.exe
0x00007ffae24d0000 - 0x00007ffae26c8000 	C:\Windows\SYSTEM32\ntdll.dll
0x00007ffae0ba0000 - 0x00007ffae0c5f000 	C:\Windows\System32\KERNEL32.DLL
0x00007ffadff10000 - 0x00007ffae01e2000 	C:\Windows\System32\KERNELBASE.dll
0x00007ffae0310000 - 0x00007ffae0410000 	C:\Windows\System32\ucrtbase.dll
0x00007ffad8bf0000 - 0x00007ffad8c07000 	C:\Program Files\JetBrains\IntelliJ IDEA 2022.2.3\jbr\bin\jli.dll
0x00007ffad8bd0000 - 0x00007ffad8beb000 	C:\Program Files\JetBrains\IntelliJ IDEA 2022.2.3\jbr\bin\VCRUNTIME140.dll
0x00007ffae1d40000 - 0x00007ffae1edd000 	C:\Windows\System32\USER32.dll
0x00007ffae02e0000 - 0x00007ffae0302000 	C:\Windows\System32\win32u.dll
0x00007ffacc280000 - 0x00007ffacc51a000 	C:\Windows\WinSxS\amd64_microsoft.windows.common-controls_6595b64144ccf1df_6.0.19041.1110_none_60b5254171f9507e\COMCTL32.dll
0x00007ffae0520000 - 0x00007ffae054b000 	C:\Windows\System32\GDI32.dll
0x00007ffae0410000 - 0x00007ffae051f000 	C:\Windows\System32\gdi32full.dll
0x00007ffae0240000 - 0x00007ffae02dd000 	C:\Windows\System32\msvcp_win.dll
0x00007ffae0b00000 - 0x00007ffae0b9e000 	C:\Windows\System32\msvcrt.dll
0x00007ffae1ee0000 - 0x00007ffae1f12000 	C:\Windows\System32\IMM32.DLL
0x00007ffad8bc0000 - 0x00007ffad8bcc000 	C:\Program Files\JetBrains\IntelliJ IDEA 2022.2.3\jbr\bin\vcruntime140_1.dll
0x00007ffabefd0000 - 0x00007ffabf05d000 	C:\Program Files\JetBrains\IntelliJ IDEA 2022.2.3\jbr\bin\msvcp140.dll
0x00007ffaac1e0000 - 0x00007ffaace49000 	C:\Program Files\JetBrains\IntelliJ IDEA 2022.2.3\jbr\bin\server\jvm.dll
0x00007ffae1480000 - 0x00007ffae152e000 	C:\Windows\System32\ADVAPI32.dll
0x00007ffae0a00000 - 0x00007ffae0a9c000 	C:\Windows\System32\sechost.dll
0x00007ffae2360000 - 0x00007ffae2485000 	C:\Windows\System32\RPCRT4.dll
0x00007ffae09e0000 - 0x00007ffae09e8000 	C:\Windows\System32\PSAPI.DLL
0x00007ffaca1f0000 - 0x00007ffaca217000 	C:\Windows\SYSTEM32\WINMM.dll
0x00007ffac8b10000 - 0x00007ffac8b19000 	C:\Windows\SYSTEM32\WSOCK32.dll
0x00007ffad2f10000 - 0x00007ffad2f1a000 	C:\Windows\SYSTEM32\VERSION.dll
0x00007ffae10d0000 - 0x00007ffae113b000 	C:\Windows\System32\WS2_32.dll
0x00007ffadda90000 - 0x00007ffaddaa2000 	C:\Windows\SYSTEM32\kernel.appcore.dll
0x00007ffacb610000 - 0x00007ffacb61a000 	C:\Program Files\JetBrains\IntelliJ IDEA 2022.2.3\jbr\bin\jimage.dll
0x00007ffacd400000 - 0x00007ffacd5e4000 	C:\Windows\SYSTEM32\DBGHELP.DLL
0x00007ffacd3d0000 - 0x00007ffacd3fc000 	C:\Windows\SYSTEM32\dbgcore.DLL
0x00007ffadfe80000 - 0x00007ffadff02000 	C:\Windows\System32\bcryptPrimitives.dll
0x00007ffaaf480000 - 0x00007ffaaf4a5000 	C:\Program Files\JetBrains\IntelliJ IDEA 2022.2.3\jbr\bin\java.dll
0x00007ffaaf460000 - 0x00007ffaaf478000 	C:\Program Files\JetBrains\IntelliJ IDEA 2022.2.3\jbr\bin\zip.dll
0x00007ffae15f0000 - 0x00007ffae1d33000 	C:\Windows\System32\SHELL32.dll
0x00007ffaddc90000 - 0x00007ffade422000 	C:\Windows\SYSTEM32\windows.storage.dll
0x00007ffae0680000 - 0x00007ffae09d4000 	C:\Windows\System32\combase.dll
0x00007ffadf550000 - 0x00007ffadf580000 	C:\Windows\SYSTEM32\Wldp.dll
0x00007ffae2150000 - 0x00007ffae21fd000 	C:\Windows\System32\SHCORE.dll
0x00007ffae0aa0000 - 0x00007ffae0af5000 	C:\Windows\System32\shlwapi.dll
0x00007ffadfb10000 - 0x00007ffadfb2f000 	C:\Windows\SYSTEM32\profapi.dll
0x00007ffaaf3d0000 - 0x00007ffaaf3e9000 	C:\Program Files\JetBrains\IntelliJ IDEA 2022.2.3\jbr\bin\net.dll
0x00007ffad1570000 - 0x00007ffad167c000 	C:\Windows\SYSTEM32\WINHTTP.dll
0x00007ffadf2b0000 - 0x00007ffadf31a000 	C:\Windows\system32\mswsock.dll
0x00007ffaaf2d0000 - 0x00007ffaaf2e6000 	C:\Program Files\JetBrains\IntelliJ IDEA 2022.2.3\jbr\bin\nio.dll
0x00007ffaad910000 - 0x00007ffaadaa3000 	C:\Program Files\JetBrains\IntelliJ IDEA 2022.2.3\jbr\bin\awt.dll
0x00007ffae2290000 - 0x00007ffae235d000 	C:\Windows\System32\OLEAUT32.dll
0x00007ffadd7a0000 - 0x00007ffadd7cf000 	C:\Windows\SYSTEM32\dwmapi.dll
0x00007ffadd2f0000 - 0x00007ffadd381000 	C:\Windows\SYSTEM32\apphelp.dll
0x00007ffadd5c0000 - 0x00007ffadd65e000 	C:\Windows\system32\uxtheme.dll
0x00007ffae1360000 - 0x00007ffae1475000 	C:\Windows\System32\MSCTF.dll
0x00007ffae0550000 - 0x00007ffae067a000 	C:\Windows\System32\ole32.dll
0x00007ffadefa0000 - 0x00007ffadefdb000 	C:\Windows\SYSTEM32\IPHLPAPI.DLL
0x00007ffae09f0000 - 0x00007ffae09f8000 	C:\Windows\System32\NSI.dll
0x00007ffad6750000 - 0x00007ffad6767000 	C:\Windows\SYSTEM32\dhcpcsvc6.DLL
0x00007ffad7f50000 - 0x00007ffad7f6d000 	C:\Windows\SYSTEM32\dhcpcsvc.DLL
0x00007ffadefe0000 - 0x00007ffadf0aa000 	C:\Windows\SYSTEM32\DNSAPI.dll
0x00007ffadf4b0000 - 0x00007ffadf4c8000 	C:\Windows\SYSTEM32\CRYPTSP.dll
0x00007ffadebd0000 - 0x00007ffadec04000 	C:\Windows\system32\rsaenh.dll
0x00007ffadfe50000 - 0x00007ffadfe77000 	C:\Windows\System32\bcrypt.dll
0x00007ffadfad0000 - 0x00007ffadfafe000 	C:\Windows\SYSTEM32\USERENV.dll
0x00007ffadf4a0000 - 0x00007ffadf4ac000 	C:\Windows\SYSTEM32\CRYPTBASE.dll
0x00007ffadaf80000 - 0x00007ffadaf87000 	C:\Program Files\JetBrains\IntelliJ IDEA 2022.2.3\jbr\bin\rmi.dll

dbghelp: loaded successfully - version: 4.0.5 - missing functions: none
symbol engine: initialized successfully - sym options: 0x614 - pdb path: .;C:\Program Files\JetBrains\IntelliJ IDEA 2022.2.3\jbr\bin;C:\Windows\SYSTEM32;C:\Windows\WinSxS\amd64_microsoft.windows.common-controls_6595b64144ccf1df_6.0.19041.1110_none_60b5254171f9507e;C:\Program Files\JetBrains\IntelliJ IDEA 2022.2.3\jbr\bin\server

VM Arguments:
jvm_args: -Dawt.toolkit=com.intellij.desktop.DesktopActionsToolkit -Djava.rmi.server.hostname=127.0.0.1 -Duser.timezone=UTC -Xmx750m -Xms128m --add-exports=java.desktop/sun.awt=ALL-UNNAMED --add-exports=java.desktop/java.awt.peer=ALL-UNNAMED --add-opens=java.desktop/java.awt=ALL-UNNAMED --add-opens=jdk.unsupported/sun.misc=ALL-UNNAMED --add-opens=java.base/java.nio=ALL-UNNAMED -Dfile.encoding=UTF-8 
java_command: com.intellij.database.remote.RemoteJdbcServer org.postgresql.Driver
java_class_path (initial): C:\Program Files\JetBrains\IntelliJ IDEA 2022.2.3\lib\util_rt.jar;C:\Program Files\JetBrains\IntelliJ IDEA 2022.2.3\lib\util.jar;C:\Program Files\JetBrains\IntelliJ IDEA 2022.2.3\lib\groovy.jar;C:\Program Files\JetBrains\IntelliJ IDEA 2022.2.3\plugins\DatabaseTools\lib\jdbc-console.jar;C:\Users\Elon Musk\AppData\Roaming\JetBrains\IntelliJIdea2022.2\jdbc-drivers\PostgreSQL\42.5.0\org\postgresql\postgresql\42.5.0\postgresql-42.5.0.jar;C:\Users\Elon Musk\AppData\Roaming\JetBrains\IntelliJIdea2022.2\jdbc-drivers\PostgreSQL\42.5.0\org\checkerframework\checker-qual\3.5.0\checker-qual-3.5.0.jar;C:\Users\Elon Musk\AppData\Roaming\JetBrains\IntelliJIdea2022.2\jdbc-drivers\PostgreSQL\42.5.0\net\java\dev\jna\jna-platform\5.12.0\jna-platform-5.12.0.jar;C:\Users\Elon Musk\AppData\Roaming\JetBrains\IntelliJIdea2022.2\jdbc-drivers\PostgreSQL\42.5.0\net\java\dev\jna\jna\5.12.0\jna-5.12.0.jar;C:\Users\Elon Musk\AppData\Roaming\JetBrains\IntelliJIdea2022.2\jdbc-drivers\PostgreSQL\42.5.0\com\github\waffle\waffle-jna\1.9.1\waffle-jna-1.9.1.jar;C:\Users\Elon Musk\AppData\Roaming\JetBrains\IntelliJIdea2022.2\jdbc-drivers\PostgreSQL\42.5.0\net\java\dev\jna\jna\4.5.1\jna-4.5.1.jar;C:\Users\Elon Musk\AppData\Roaming\JetBrains\IntelliJIdea2022.2\jdbc-drivers\PostgreSQL\42.5.0\net\java\dev\jna\jna-platform\4.5.1\jna-platform-4.5.1.jar;C:\Users\Elon Musk\AppData\Roaming\JetBrains\IntelliJIdea2022.2\jdbc-drivers\PostgreSQL\42.5.0\org\slf4j\jcl-over-slf4j\1.7.25\jcl-over-slf4j-1.7.25.jar;C:\Users\Elon Musk\AppData\Roaming\JetBrains\IntelliJIdea2022.2\jdbc-drivers\PostgreSQL\42.5.0\org\slf4j\slf4j-api\1.7.25\slf4j-api-1.7.25.jar;C:\Users\Elon Musk\AppData\Roaming\JetBrains\IntelliJIdea2022.2\jdbc-drivers\PostgreSQL\42.5.0\com\github\ben-manes\caffeine\caffeine\2.6.2\caffeine-2.6.2.jar
Launcher Type: SUN_STANDARD

[Global flags]
     intx CICompilerCount                          = 3                                         {product} {ergonomic}
     uint ConcGCThreads                            = 1                                         {product} {ergonomic}
     uint G1ConcRefinementThreads                  = 4                                         {product} {ergonomic}
   size_t G1HeapRegionSize                         = 1048576                                   {product} {ergonomic}
    uintx GCDrainStackTargetSize                   = 64                                        {product} {ergonomic}
   size_t InitialHeapSize                          = 134217728                                 {product} {command line}
   size_t MarkStackSize                            = 4194304                                   {product} {ergonomic}
   size_t MaxHeapSize                              = 786432000                                 {product} {command line}
   size_t MaxNewSize                               = 471859200                                 {product} {ergonomic}
   size_t MinHeapDeltaBytes                        = 1048576                                   {product} {ergonomic}
   size_t MinHeapSize                              = 134217728                                 {product} {command line}
    uintx NonNMethodCodeHeapSize                   = 5832780                                {pd product} {ergonomic}
    uintx NonProfiledCodeHeapSize                  = 122912730                              {pd product} {ergonomic}
    uintx ProfiledCodeHeapSize                     = 122912730                              {pd product} {ergonomic}
    uintx ReservedCodeCacheSize                    = 251658240                              {pd product} {ergonomic}
     bool SegmentedCodeCache                       = true                                      {product} {ergonomic}
   size_t SoftMaxHeapSize                          = 786432000                              {manageable} {ergonomic}
     bool UseCompressedClassPointers               = true                           {product lp64_product} {ergonomic}
     bool UseCompressedOops                        = true                           {product lp64_product} {ergonomic}
     bool UseG1GC                                  = true                                      {product} {ergonomic}
     bool UseLargePagesIndividualAllocation        = false                                  {pd product} {ergonomic}

Logging:
Log output configuration:
 #0: stdout all=warning uptime,level,tags
 #1: stderr all=off uptime,level,tags

Environment Variables:
PATH=C:\Program Files\Common Files\Oracle\Java\javapath;C:\Windows\system32;C:\Windows;C:\Windows\System32\Wbem;C:\Windows\System32\WindowsPowerShell\v1.0\;C:\Windows\System32\OpenSSH\;C:\Program Files\Git\cmd;C:\Users\Elon Musk\AppData\Local\Microsoft\WindowsApps;C:\Program Files\JetBrains\IntelliJ IDEA 2022.2.3\bin;
USERNAME=Elon Musk
OS=Windows_NT
PROCESSOR_IDENTIFIER=Intel64 Family 6 Model 58 Stepping 9, GenuineIntel
TMP=C:\Users\ELONMU~1\AppData\Local\Temp
TEMP=C:\Users\ELONMU~1\AppData\Local\Temp



---------------  S Y S T E M  ---------------

OS:
 Windows 10 , 64 bit Build 19041 (10.0.19041.2251)
OS uptime: 0 days 8:19 hours

CPU: total 4 (initial active 4) (2 cores per cpu, 2 threads per core) family 6 model 58 stepping 9 microcode 0x21, cx8, cmov, fxsr, ht, mmx, sse, sse2, sse3, ssse3, sse4.1, sse4.2, popcnt, tsc, tscinvbit, avx, aes, erms, clmul, vzeroupper, clflush

Memory: 4k page, system-wide physical 8095M (755M free)
TotalPageFile size 9105M (AvailPageFile size 5M)
current process WorkingSet (physical memory assigned to process): 55M, peak: 55M
current process commit charge ("private bytes"): 207M, peak: 207M

vm_info: OpenJDK 64-Bit Server VM (17.0.4.1+7-b469.62) for windows-amd64 JRE (17.0.4.1+7-b469.62), built on 2022-09-22 by "builduser" with MS VC++ 16.10 / 16.11 (VS2019)

END.
